#
# A fatal error has been detected by the Java Runtime Environment:
#
#  EXCEPTION_ACCESS_VIOLATION (0xc0000005) at pc=0x00007ffe16f71481, pid=11504, tid=8280
#
# JRE version: Java(TM) SE Runtime Environment 18.9 (11.0.14+8) (build 11.0.14+8-LTS-263)
# Java VM: Java HotSpot(TM) 64-Bit Server VM 18.9 (11.0.14+8-LTS-263, mixed mode, tiered, compressed oops, g1 gc, windows-amd64)
# Problematic frame:
# V  [jvm.dll+0x181481]
#
# No core dump will be written. Minidumps are not enabled by default on client versions of Windows
#
# If you would like to submit a bug report, please visit:
#   https://bugreport.java.com/bugreport/crash.jsp
#

---------------  S U M M A R Y ------------

Command Line: -XX:MaxMetaspaceSize=512m --add-opens=java.base/java.util=ALL-UNNAMED --add-opens=java.base/java.lang=ALL-UNNAMED --add-opens=java.base/java.lang.invoke=ALL-UNNAMED --add-opens=java.base/java.util=ALL-UNNAMED --add-opens=java.prefs/java.util.prefs=ALL-UNNAMED --add-opens=java.prefs/java.util.prefs=ALL-UNNAMED --add-opens=java.base/java.nio.charset=ALL-UNNAMED --add-opens=java.base/java.net=ALL-UNNAMED --add-opens=java.base/java.util.concurrent.atomic=ALL-UNNAMED -Xmx2048m -Dfile.encoding=utf8 -Duser.country=US -Duser.language=en -Duser.variant org.gradle.launcher.daemon.bootstrap.GradleDaemon 7.5.1

Host: Intel(R) Core(TM) i5-8350U CPU @ 1.70GHz, 8 cores, 7G,  Windows 11 , 64 bit Build 22621 (10.0.22621.1635)
Time: Wed May 31 00:08:05 2023 Pakistan Standard Time elapsed time: 143.586131 seconds (0d 0h 2m 23s)

---------------  T H R E A D  ---------------

Current thread (0x0000019ef48b6800):  GCTaskThread "GC Thread#2" [stack: 0x00000080b3c00000,0x00000080b3d00000] [id=8280]

Stack: [0x00000080b3c00000,0x00000080b3d00000],  sp=0x00000080b3cff5e8,  free space=1021k
Native frames: (J=compiled Java code, j=interpreted, Vv=VM code, C=native code)
V  [jvm.dll+0x181481]


siginfo: EXCEPTION_ACCESS_VIOLATION (0xc0000005), reading address 0x0000000000000110


Register to memory mapping:

RIP=0x00007ffe16f71481 jvm.dll
RAX=0x0 is NULL
RBX=0x000000008c1b0098 is an oop: 
[error occurred during error reporting (printing register info), id 0xc0000005, EXCEPTION_ACCESS_VIOLATION (0xc0000005) at pc=0x00007ffe17406a0d]

Registers:
RAX=0x0000000000000000, RBX=0x000000008c1b0098, RCX=0x0000000100378480, RDX=0x000000008c1b0098
RSP=0x00000080b3cff5e8, RBP=0x000000008c1b7a00, RSI=0x0000019efd12ae58, RDI=0x0000019efd12ae00
R8 =0x0000000000000000, R9 =0x0000000100378480, R10=0x0000000000000000, R11=0x00000080b3cff898
R12=0x00000080b3cff898, R13=0x00000080b3cff740, R14=0x0000019efd12ae00, R15=0x000000008c1b7c00
RIP=0x00007ffe16f71481, EFLAGS=0x0000000000010246

Top of Stack: (sp=0x00000080b3cff5e8)
0x00000080b3cff5e8:   00007ffe17127950 000000008c1b0098
0x00000080b3cff5f8:   0000019efd12ae58 00000080b3cff740
0x00000080b3cff608:   00000080b3cff898 000000008c1b0098
0x00000080b3cff618:   00007ffe170b992e 000000008c100000
0x00000080b3cff628:   00000080b3cff670 000000008c1b0098
0x00000080b3cff638:   00007ffe17127950 000000008c1b0018
0x00000080b3cff648:   000000008c1b7a00 0000019efd12ae58
0x00000080b3cff658:   000000008c1b7a00 0000000000000100
0x00000080b3cff668:   00007ffe17127b8a 000000008c1b0200
0x00000080b3cff678:   000000008c1af9d8 0000000000060d81
0x00000080b3cff688:   0000019efd12be80 000000008c1b7a00
0x00000080b3cff698:   00007ffe170ee636 00000080b3cff870
0x00000080b3cff6a8:   0000019ed55747e0 000000008c38cde0
0x00000080b3cff6b8:   000000008a6193c0 0000019ed55614e0
0x00000080b3cff6c8:   00007ffe1741332f 000000008c38cc00
0x00000080b3cff6d8:   0000000000000040 00000000000000c1 

Instructions: (pc=0x00007ffe16f71481)
0x00007ffe16f71461:   10 0f b6 c1 49 8d 0c 11 49 f7 d1 48 03 c1 49 c1
0x00007ffe16f71471:   e9 03 48 c1 e8 03 41 23 c1 c3 49 8b 01 49 8b c9
0x00007ffe16f71481:   48 ff a0 10 01 00 00 cc cc cc cc cc cc cc cc 48
0x00007ffe16f71491:   8b c2 c3 cc cc cc cc cc cc cc cc cc cc cc cc 48 


Stack slot to memory mapping:
stack at sp + 0 slots: 0x00007ffe17127950 jvm.dll
stack at sp + 1 slots: 0x000000008c1b0098 is an oop: 
[error occurred during error reporting (inspecting top of stack), id 0xc0000005, EXCEPTION_ACCESS_VIOLATION (0xc0000005) at pc=0x00007ffe17406a0d]


---------------  P R O C E S S  ---------------

Threads class SMR info:
_java_thread_list=0x0000019ef78de500, length=134, elements={
0x0000019ed34ba000, 0x0000019ef3568800, 0x0000019ef3573800, 0x0000019ef3f03800,
0x0000019ef3585800, 0x0000019ef3586800, 0x0000019ef3589000, 0x0000019ef358c800,
0x0000019ef35a0800, 0x0000019ef403f000, 0x0000019ef5f38000, 0x0000019ef6aa6000,
0x0000019ef6e75000, 0x0000019ef6bef800, 0x0000019ef7120800, 0x0000019ef5a4f800,
0x0000019ef633d000, 0x0000019ef6c3e000, 0x0000019ef4d45000, 0x0000019ef4d46000,
0x0000019ef4d48800, 0x0000019ef4d47000, 0x0000019ef4d47800, 0x0000019ef4d49800,
0x0000019ef4d4a000, 0x0000019ef4d4b000, 0x0000019ef4d4b800, 0x0000019ef67a5000,
0x0000019ef67a5800, 0x0000019ef67a6800, 0x0000019ef67a8000, 0x0000019ef67a9000,
0x0000019ef67ad000, 0x0000019ef67ae800, 0x0000019ef67b0800, 0x0000019ef67ae000,
0x0000019ef67af800, 0x0000019ef67aa800, 0x0000019ef67b1000, 0x0000019ef67ab800,
0x0000019ef67b2000, 0x0000019ef67ac800, 0x0000019ef9f44000, 0x0000019ef9f43800,
0x0000019ef9f45000, 0x0000019ef9f41800, 0x0000019ef9f46000, 0x0000019ef9f40000,
0x0000019ef9f46800, 0x0000019ef9f42800, 0x0000019ef9f41000, 0x0000019ef9f49000,
0x0000019ef9f4a800, 0x0000019ef9f4d000, 0x0000019ef9f4b800, 0x0000019ef9f4a000,
0x0000019ef9f47800, 0x0000019ef9f4e000, 0x0000019ef9f4c800, 0x0000019ef9f48800,
0x0000019ef9f4f000, 0x0000019ef7c7a800, 0x0000019ef7c7d000, 0x0000019ef7c79000,
0x0000019ef7c77000, 0x0000019ef7c79800, 0x0000019ef7c78000, 0x0000019ef7c7e800,
0x0000019ef7c7d800, 0x0000019ef7c81000, 0x0000019ef7c7f800, 0x0000019ef7c80000,
0x0000019ef7c7b000, 0x0000019ef7c82000, 0x0000019ef7c7c000, 0x0000019ef7c84000,
0x0000019ef7c82800, 0x0000019ef7c83800, 0x0000019efa399800, 0x0000019efa39a000,
0x0000019efa39b000, 0x0000019efa39b800, 0x0000019efa39c800, 0x0000019efa39e000,
0x0000019efa39d800, 0x0000019efa398800, 0x0000019efa3a0800, 0x0000019efa3a0000,
0x0000019efa3a4800, 0x0000019efa39f000, 0x0000019efa3a1800, 0x0000019efa3a3000,
0x0000019efa3a2800, 0x0000019efa3a5800, 0x0000019efa3a6800, 0x0000019efa3a4000,
0x0000019efa3a7000, 0x0000019ef5565800, 0x0000019ef5566800, 0x0000019ef5568000,
0x0000019ef556a000, 0x0000019ef5567800, 0x0000019ef5569000, 0x0000019ef5564000,
0x0000019ef556a800, 0x0000019ef5565000, 0x0000019ef556e000, 0x0000019ef556b800,
0x0000019ef5570800, 0x0000019ef556f800, 0x0000019ef556d000, 0x0000019ef5571000,
0x0000019ef5572000, 0x0000019ef556e800, 0x0000019ef556c800, 0x0000019ef5573000,
0x0000019ef4147800, 0x0000019ef414b800, 0x0000019ef414a000, 0x0000019ef414a800,
0x0000019ef4148000, 0x0000019ef4149000, 0x0000019ef4146800, 0x0000019ef4150800,
0x0000019ef4151000, 0x0000019ef414f800, 0x0000019ef4152000, 0x0000019ef414c800,
0x0000019ef414e800, 0x0000019ef414d000, 0x0000019ef414e000, 0x0000019ef4153000,
0x0000019ef4153800, 0x0000019ef4154800
}

Java Threads: ( => current thread )
  0x0000019ed34ba000 JavaThread "main" [_thread_blocked, id=7604, stack(0x00000080b2900000,0x00000080b2a00000)]
  0x0000019ef3568800 JavaThread "Reference Handler" daemon [_thread_blocked, id=6412, stack(0x00000080b3000000,0x00000080b3100000)]
  0x0000019ef3573800 JavaThread "Finalizer" daemon [_thread_blocked, id=2960, stack(0x00000080b3100000,0x00000080b3200000)]
  0x0000019ef3f03800 JavaThread "Signal Dispatcher" daemon [_thread_blocked, id=7752, stack(0x00000080b3200000,0x00000080b3300000)]
  0x0000019ef3585800 JavaThread "Attach Listener" daemon [_thread_blocked, id=3644, stack(0x00000080b3300000,0x00000080b3400000)]
  0x0000019ef3586800 JavaThread "Service Thread" daemon [_thread_blocked, id=8268, stack(0x00000080b3400000,0x00000080b3500000)]
  0x0000019ef3589000 JavaThread "C2 CompilerThread0" daemon [_thread_blocked, id=3920, stack(0x00000080b3500000,0x00000080b3600000)]
  0x0000019ef358c800 JavaThread "C1 CompilerThread0" daemon [_thread_blocked, id=7456, stack(0x00000080b3600000,0x00000080b3700000)]
  0x0000019ef35a0800 JavaThread "Sweeper thread" daemon [_thread_blocked, id=3424, stack(0x00000080b3700000,0x00000080b3800000)]
  0x0000019ef403f000 JavaThread "Common-Cleaner" daemon [_thread_blocked, id=3428, stack(0x00000080b3800000,0x00000080b3900000)]
  0x0000019ef5f38000 JavaThread "Daemon health stats" [_thread_blocked, id=16336, stack(0x00000080b3d00000,0x00000080b3e00000)]
  0x0000019ef6aa6000 JavaThread "Incoming local TCP Connector on port 50094" [_thread_in_native, id=6776, stack(0x00000080b3a00000,0x00000080b3b00000)]
  0x0000019ef6e75000 JavaThread "Daemon periodic checks" [_thread_blocked, id=7300, stack(0x00000080b3e00000,0x00000080b3f00000)]
  0x0000019ef6bef800 JavaThread "Daemon" [_thread_blocked, id=14596, stack(0x00000080b3f00000,0x00000080b4000000)]
  0x0000019ef7120800 JavaThread "Handler for socket connection from /127.0.0.1:50094 to /127.0.0.1:50095" [_thread_in_native, id=16184, stack(0x00000080b4000000,0x00000080b4100000)]
  0x0000019ef5a4f800 JavaThread "Cancel handler" [_thread_blocked, id=10576, stack(0x00000080b4100000,0x00000080b4200000)]
  0x0000019ef633d000 JavaThread "Daemon worker" [_thread_blocked, id=1620, stack(0x00000080b4200000,0x00000080b4300000)]
  0x0000019ef6c3e000 JavaThread "Asynchronous log dispatcher for DefaultDaemonConnection: socket connection from /127.0.0.1:50094 to /127.0.0.1:50095" [_thread_blocked, id=13908, stack(0x00000080b4300000,0x00000080b4400000)]
  0x0000019ef4d45000 JavaThread "Daemon client event forwarder" [_thread_blocked, id=2288, stack(0x00000080b4500000,0x00000080b4600000)]
  0x0000019ef4d46000 JavaThread "Cache worker for journal cache (C:\Users\DELL\.gradle\caches\journal-1)" [_thread_blocked, id=7476, stack(0x00000080b4c00000,0x00000080b4d00000)]
  0x0000019ef4d48800 JavaThread "File lock request listener" [_thread_in_native, id=12384, stack(0x00000080b4d00000,0x00000080b4e00000)]
  0x0000019ef4d47000 JavaThread "Cache worker for file hash cache (C:\Users\DELL\.gradle\caches\7.5.1\fileHashes)" [_thread_blocked, id=7480, stack(0x00000080b4e00000,0x00000080b4f00000)]
  0x0000019ef4d47800 JavaThread "File watcher server" daemon [_thread_in_native, id=15968, stack(0x00000080b5000000,0x00000080b5100000)]
  0x0000019ef4d49800 JavaThread "File watcher consumer" daemon [_thread_blocked, id=8200, stack(0x00000080b5100000,0x00000080b5200000)]
  0x0000019ef4d4a000 JavaThread "Cache worker for checksums cache (D:\FYP\VFind\android\.gradle\7.5.1\checksums)" [_thread_blocked, id=9648, stack(0x00000080b5200000,0x00000080b5300000)]
  0x0000019ef4d4b000 JavaThread "Cache worker for cache directory md-rule (C:\Users\DELL\.gradle\caches\7.5.1\md-rule)" [_thread_blocked, id=8732, stack(0x00000080b5300000,0x00000080b5400000)]
  0x0000019ef4d4b800 JavaThread "Cache worker for file content cache (C:\Users\DELL\.gradle\caches\7.5.1\fileContent)" [_thread_blocked, id=9124, stack(0x00000080b5400000,0x00000080b5500000)]
  0x0000019ef67a5000 JavaThread "Cache worker for file hash cache (D:\FYP\VFind\android\.gradle\7.5.1\fileHashes)" [_thread_blocked, id=2568, stack(0x00000080b4600000,0x00000080b4700000)]
  0x0000019ef67a5800 JavaThread "Cache worker for cache directory md-supplier (C:\Users\DELL\.gradle\caches\7.5.1\md-supplier)" [_thread_blocked, id=10856, stack(0x00000080b5500000,0x00000080b5600000)]
  0x0000019ef67a6800 JavaThread "Cache worker for execution history cache (C:\Users\DELL\.gradle\caches\7.5.1\executionHistory)" [_thread_blocked, id=16268, stack(0x00000080b5600000,0x00000080b5700000)]
  0x0000019ef67a8000 JavaThread "jar transforms" [_thread_blocked, id=15904, stack(0x00000080b5700000,0x00000080b5800000)]
  0x0000019ef67a9000 JavaThread "jar transforms Thread 2" [_thread_blocked, id=9792, stack(0x00000080b5900000,0x00000080b5a00000)]
  0x0000019ef67ad000 JavaThread "jar transforms Thread 3" [_thread_blocked, id=12604, stack(0x00000080b5a00000,0x00000080b5b00000)]
  0x0000019ef67ae800 JavaThread "jar transforms Thread 4" [_thread_blocked, id=2416, stack(0x00000080b5b00000,0x00000080b5c00000)]
  0x0000019ef67b0800 JavaThread "jar transforms Thread 5" [_thread_blocked, id=5956, stack(0x00000080b5c00000,0x00000080b5d00000)]
  0x0000019ef67ae000 JavaThread "jar transforms Thread 6" [_thread_blocked, id=5852, stack(0x00000080b5d00000,0x00000080b5e00000)]
  0x0000019ef67af800 JavaThread "File lock release action executor" [_thread_blocked, id=15608, stack(0x00000080b5800000,0x00000080b5900000)]
  0x0000019ef67aa800 JavaThread "Cache worker for kotlin-dsl (C:\Users\DELL\.gradle\caches\7.5.1\kotlin-dsl)" [_thread_blocked, id=6648, stack(0x00000080b6200000,0x00000080b6300000)]
  0x0000019ef67b1000 JavaThread "jar transforms Thread 7" [_thread_blocked, id=6332, stack(0x00000080b6300000,0x00000080b6400000)]
  0x0000019ef67ab800 JavaThread "jar transforms Thread 8" [_thread_blocked, id=3808, stack(0x00000080b6400000,0x00000080b6500000)]
  0x0000019ef67b2000 JavaThread "Cache worker for dependencies-accessors (D:\FYP\VFind\android\.gradle\7.5.1\dependencies-accessors)" [_thread_blocked, id=1568, stack(0x00000080b6500000,0x00000080b6600000)]
  0x0000019ef67ac800 JavaThread "Cache worker for Build Output Cleanup Cache (D:\FYP\VFind\node_modules\react-native-gradle-plugin\.gradle\buildOutputCleanup)" [_thread_blocked, id=14100, stack(0x00000080b6100000,0x00000080b6200000)]
  0x0000019ef9f44000 JavaThread "Unconstrained build operations" [_thread_blocked, id=15844, stack(0x00000080b6600000,0x00000080b6700000)]
  0x0000019ef9f43800 JavaThread "Unconstrained build operations Thread 2" [_thread_blocked, id=2400, stack(0x00000080b6700000,0x00000080b6800000)]
  0x0000019ef9f45000 JavaThread "Unconstrained build operations Thread 3" [_thread_blocked, id=5964, stack(0x00000080b6800000,0x00000080b6900000)]
  0x0000019ef9f41800 JavaThread "Unconstrained build operations Thread 4" [_thread_blocked, id=2444, stack(0x00000080b6900000,0x00000080b6a00000)]
  0x0000019ef9f46000 JavaThread "Unconstrained build operations Thread 5" [_thread_blocked, id=8616, stack(0x00000080b6a00000,0x00000080b6b00000)]
  0x0000019ef9f40000 JavaThread "Unconstrained build operations Thread 6" [_thread_blocked, id=8356, stack(0x00000080b6b00000,0x00000080b6c00000)]
  0x0000019ef9f46800 JavaThread "Unconstrained build operations Thread 7" [_thread_blocked, id=10264, stack(0x00000080b6c00000,0x00000080b6d00000)]
  0x0000019ef9f42800 JavaThread "Unconstrained build operations Thread 8" [_thread_blocked, id=15172, stack(0x00000080b6d00000,0x00000080b6e00000)]
  0x0000019ef9f41000 JavaThread "Unconstrained build operations Thread 9" [_thread_blocked, id=5896, stack(0x00000080b6e00000,0x00000080b6f00000)]
  0x0000019ef9f49000 JavaThread "Unconstrained build operations Thread 10" [_thread_blocked, id=2520, stack(0x00000080b6f00000,0x00000080b7000000)]
  0x0000019ef9f4a800 JavaThread "Unconstrained build operations Thread 11" [_thread_blocked, id=2684, stack(0x00000080b7000000,0x00000080b7100000)]
  0x0000019ef9f4d000 JavaThread "Unconstrained build operations Thread 12" [_thread_blocked, id=2688, stack(0x00000080b7100000,0x00000080b7200000)]
  0x0000019ef9f4b800 JavaThread "Unconstrained build operations Thread 13" [_thread_blocked, id=13932, stack(0x00000080b7200000,0x00000080b7300000)]
  0x0000019ef9f4a000 JavaThread "Unconstrained build operations Thread 14" [_thread_blocked, id=9672, stack(0x00000080b7300000,0x00000080b7400000)]
  0x0000019ef9f47800 JavaThread "Unconstrained build operations Thread 15" [_thread_blocked, id=9680, stack(0x00000080b7400000,0x00000080b7500000)]
  0x0000019ef9f4e000 JavaThread "Unconstrained build operations Thread 16" [_thread_blocked, id=2668, stack(0x00000080b7500000,0x00000080b7600000)]
  0x0000019ef9f4c800 JavaThread "Unconstrained build operations Thread 17" [_thread_blocked, id=2544, stack(0x00000080b7600000,0x00000080b7700000)]
  0x0000019ef9f48800 JavaThread "Unconstrained build operations Thread 18" [_thread_blocked, id=2588, stack(0x00000080b7700000,0x00000080b7800000)]
  0x0000019ef9f4f000 JavaThread "Unconstrained build operations Thread 19" [_thread_blocked, id=13500, stack(0x00000080b7800000,0x00000080b7900000)]
  0x0000019ef7c7a800 JavaThread "Unconstrained build operations Thread 20" [_thread_blocked, id=2708, stack(0x00000080b7900000,0x00000080b7a00000)]
  0x0000019ef7c7d000 JavaThread "Unconstrained build operations Thread 21" [_thread_blocked, id=2740, stack(0x00000080b7a00000,0x00000080b7b00000)]
  0x0000019ef7c79000 JavaThread "Unconstrained build operations Thread 22" [_thread_blocked, id=7632, stack(0x00000080b7b00000,0x00000080b7c00000)]
  0x0000019ef7c77000 JavaThread "Unconstrained build operations Thread 23" [_thread_blocked, id=2892, stack(0x00000080b7c00000,0x00000080b7d00000)]
  0x0000019ef7c79800 JavaThread "Unconstrained build operations Thread 24" [_thread_blocked, id=7612, stack(0x00000080b7d00000,0x00000080b7e00000)]
  0x0000019ef7c78000 JavaThread "Unconstrained build operations Thread 25" [_thread_blocked, id=7540, stack(0x00000080b7e00000,0x00000080b7f00000)]
  0x0000019ef7c7e800 JavaThread "Unconstrained build operations Thread 26" [_thread_blocked, id=3000, stack(0x00000080b7f00000,0x00000080b8000000)]
  0x0000019ef7c7d800 JavaThread "Unconstrained build operations Thread 27" [_thread_blocked, id=3080, stack(0x00000080b8000000,0x00000080b8100000)]
  0x0000019ef7c81000 JavaThread "Unconstrained build operations Thread 28" [_thread_blocked, id=2356, stack(0x00000080b8100000,0x00000080b8200000)]
  0x0000019ef7c7f800 JavaThread "Unconstrained build operations Thread 29" [_thread_blocked, id=2744, stack(0x00000080b8200000,0x00000080b8300000)]
  0x0000019ef7c80000 JavaThread "Unconstrained build operations Thread 30" [_thread_blocked, id=2664, stack(0x00000080b8300000,0x00000080b8400000)]
  0x0000019ef7c7b000 JavaThread "Unconstrained build operations Thread 31" [_thread_blocked, id=3012, stack(0x00000080b8400000,0x00000080b8500000)]
  0x0000019ef7c82000 JavaThread "Unconstrained build operations Thread 32" [_thread_blocked, id=15092, stack(0x00000080b8500000,0x00000080b8600000)]
  0x0000019ef7c7c000 JavaThread "Unconstrained build operations Thread 33" [_thread_blocked, id=15528, stack(0x00000080b8600000,0x00000080b8700000)]
  0x0000019ef7c84000 JavaThread "build event listener" [_thread_blocked, id=6020, stack(0x00000080b8700000,0x00000080b8800000)]
  0x0000019ef7c82800 JavaThread "Memory manager" [_thread_blocked, id=5992, stack(0x00000080b8900000,0x00000080b8a00000)]
  0x0000019ef7c83800 JavaThread "Cache worker for Build Output Cleanup Cache (D:\FYP\VFind\android\.gradle\buildOutputCleanup)" [_thread_blocked, id=16096, stack(0x00000080b8800000,0x00000080b8900000)]
  0x0000019efa399800 JavaThread "Execution worker" [_thread_blocked, id=9860, stack(0x00000080b8b00000,0x00000080b8c00000)]
  0x0000019efa39a000 JavaThread "Execution worker Thread 2" [_thread_blocked, id=9936, stack(0x00000080b8c00000,0x00000080b8d00000)]
  0x0000019efa39b000 JavaThread "Execution worker Thread 3" [_thread_blocked, id=5684, stack(0x00000080b8d00000,0x00000080b8e00000)]
  0x0000019efa39b800 JavaThread "Execution worker Thread 4" [_thread_blocked, id=6328, stack(0x00000080b8e00000,0x00000080b8f00000)]
  0x0000019efa39c800 JavaThread "Execution worker Thread 5" [_thread_blocked, id=6004, stack(0x00000080b8f00000,0x00000080b9000000)]
  0x0000019efa39e000 JavaThread "Execution worker Thread 6" [_thread_blocked, id=5676, stack(0x00000080b9000000,0x00000080b9100000)]
  0x0000019efa39d800 JavaThread "Execution worker Thread 7" [_thread_blocked, id=6008, stack(0x00000080b9100000,0x00000080b9200000)]
  0x0000019efa398800 JavaThread "Cache worker for execution history cache (D:\FYP\VFind\node_modules\react-native-gradle-plugin\.gradle\7.5.1\executionHistory)" [_thread_blocked, id=6696, stack(0x00000080b9200000,0x00000080b9300000)]
  0x0000019efa3a0800 JavaThread "Unconstrained build operations Thread 34" [_thread_blocked, id=12480, stack(0x00000080b9300000,0x00000080b9400000)]
  0x0000019efa3a0000 JavaThread "Unconstrained build operations Thread 35" [_thread_blocked, id=964, stack(0x00000080b9400000,0x00000080b9500000)]
  0x0000019efa3a4800 JavaThread "Unconstrained build operations Thread 36" [_thread_blocked, id=12808, stack(0x00000080b9500000,0x00000080b9600000)]
  0x0000019efa39f000 JavaThread "Unconstrained build operations Thread 37" [_thread_blocked, id=12912, stack(0x00000080b9600000,0x00000080b9700000)]
  0x0000019efa3a1800 JavaThread "Unconstrained build operations Thread 38" [_thread_blocked, id=10396, stack(0x00000080b9700000,0x00000080b9800000)]
  0x0000019efa3a3000 JavaThread "Unconstrained build operations Thread 39" [_thread_blocked, id=10452, stack(0x00000080b9800000,0x00000080b9900000)]
  0x0000019efa3a2800 JavaThread "Unconstrained build operations Thread 40" [_thread_blocked, id=10420, stack(0x00000080b9900000,0x00000080b9a00000)]
  0x0000019efa3a5800 JavaThread "Unconstrained build operations Thread 41" [_thread_blocked, id=10440, stack(0x00000080b9a00000,0x00000080b9b00000)]
  0x0000019efa3a6800 JavaThread "Unconstrained build operations Thread 42" [_thread_blocked, id=10424, stack(0x00000080b9b00000,0x00000080b9c00000)]
  0x0000019efa3a4000 JavaThread "Unconstrained build operations Thread 43" [_thread_blocked, id=6700, stack(0x00000080b9c00000,0x00000080b9d00000)]
  0x0000019efa3a7000 JavaThread "Unconstrained build operations Thread 44" [_thread_blocked, id=16232, stack(0x00000080b9d00000,0x00000080b9e00000)]
  0x0000019ef5565800 JavaThread "Unconstrained build operations Thread 45" [_thread_blocked, id=6896, stack(0x00000080b9e00000,0x00000080b9f00000)]
  0x0000019ef5566800 JavaThread "Unconstrained build operations Thread 46" [_thread_blocked, id=6936, stack(0x00000080b9f00000,0x00000080ba000000)]
  0x0000019ef5568000 JavaThread "Unconstrained build operations Thread 47" [_thread_blocked, id=7108, stack(0x00000080ba000000,0x00000080ba100000)]
  0x0000019ef556a000 JavaThread "Unconstrained build operations Thread 48" [_thread_blocked, id=16052, stack(0x00000080ba100000,0x00000080ba200000)]
  0x0000019ef5567800 JavaThread "Unconstrained build operations Thread 49" [_thread_blocked, id=3784, stack(0x00000080ba200000,0x00000080ba300000)]
  0x0000019ef5569000 JavaThread "Unconstrained build operations Thread 50" [_thread_blocked, id=15084, stack(0x00000080ba300000,0x00000080ba400000)]
  0x0000019ef5564000 JavaThread "Unconstrained build operations Thread 51" [_thread_blocked, id=15680, stack(0x00000080ba400000,0x00000080ba500000)]
  0x0000019ef556a800 JavaThread "Unconstrained build operations Thread 52" [_thread_blocked, id=9212, stack(0x00000080ba500000,0x00000080ba600000)]
  0x0000019ef5565000 JavaThread "Unconstrained build operations Thread 53" [_thread_blocked, id=3108, stack(0x00000080ba600000,0x00000080ba700000)]
  0x0000019ef556e000 JavaThread "Unconstrained build operations Thread 54" [_thread_blocked, id=1264, stack(0x00000080ba700000,0x00000080ba800000)]
  0x0000019ef556b800 JavaThread "Unconstrained build operations Thread 55" [_thread_blocked, id=9932, stack(0x00000080ba800000,0x00000080ba900000)]
  0x0000019ef5570800 JavaThread "Unconstrained build operations Thread 56" [_thread_blocked, id=9928, stack(0x00000080ba900000,0x00000080baa00000)]
  0x0000019ef556f800 JavaThread "Unconstrained build operations Thread 57" [_thread_blocked, id=13552, stack(0x00000080baa00000,0x00000080bab00000)]
  0x0000019ef556d000 JavaThread "Unconstrained build operations Thread 58" [_thread_blocked, id=15356, stack(0x00000080bab00000,0x00000080bac00000)]
  0x0000019ef5571000 JavaThread "Unconstrained build operations Thread 59" [_thread_blocked, id=5628, stack(0x00000080bac00000,0x00000080bad00000)]
  0x0000019ef5572000 JavaThread "Unconstrained build operations Thread 60" [_thread_blocked, id=10472, stack(0x00000080bad00000,0x00000080bae00000)]
  0x0000019ef556e800 JavaThread "Unconstrained build operations Thread 61" [_thread_blocked, id=6676, stack(0x00000080bae00000,0x00000080baf00000)]
  0x0000019ef556c800 JavaThread "Unconstrained build operations Thread 62" [_thread_blocked, id=14260, stack(0x00000080baf00000,0x00000080bb000000)]
  0x0000019ef5573000 JavaThread "Unconstrained build operations Thread 63" [_thread_blocked, id=2304, stack(0x00000080bb000000,0x00000080bb100000)]
  0x0000019ef4147800 JavaThread "Unconstrained build operations Thread 64" [_thread_blocked, id=15128, stack(0x00000080bb100000,0x00000080bb200000)]
  0x0000019ef414b800 JavaThread "Unconstrained build operations Thread 65" [_thread_blocked, id=11072, stack(0x00000080bb200000,0x00000080bb300000)]
  0x0000019ef414a000 JavaThread "Unconstrained build operations Thread 66" [_thread_blocked, id=8508, stack(0x00000080bb300000,0x00000080bb400000)]
  0x0000019ef414a800 JavaThread "Unconstrained build operations Thread 67" [_thread_blocked, id=1312, stack(0x00000080bb400000,0x00000080bb500000)]
  0x0000019ef4148000 JavaThread "Unconstrained build operations Thread 68" [_thread_blocked, id=3716, stack(0x00000080bb500000,0x00000080bb600000)]
  0x0000019ef4149000 JavaThread "Unconstrained build operations Thread 69" [_thread_blocked, id=8604, stack(0x00000080bb600000,0x00000080bb700000)]
  0x0000019ef4146800 JavaThread "Unconstrained build operations Thread 70" [_thread_blocked, id=2424, stack(0x00000080bb700000,0x00000080bb800000)]
  0x0000019ef4150800 JavaThread "Unconstrained build operations Thread 71" [_thread_blocked, id=12960, stack(0x00000080bb800000,0x00000080bb900000)]
  0x0000019ef4151000 JavaThread "Unconstrained build operations Thread 72" [_thread_blocked, id=1556, stack(0x00000080bb900000,0x00000080bba00000)]
  0x0000019ef414f800 JavaThread "Unconstrained build operations Thread 73" [_thread_blocked, id=4368, stack(0x00000080bba00000,0x00000080bbb00000)]
  0x0000019ef4152000 JavaThread "Unconstrained build operations Thread 74" [_thread_blocked, id=5936, stack(0x00000080bbb00000,0x00000080bbc00000)]
  0x0000019ef414c800 JavaThread "Unconstrained build operations Thread 75" [_thread_blocked, id=11608, stack(0x00000080bbc00000,0x00000080bbd00000)]
  0x0000019ef414e800 JavaThread "Unconstrained build operations Thread 76" [_thread_blocked, id=16100, stack(0x00000080bbd00000,0x00000080bbe00000)]
  0x0000019ef414d000 JavaThread "Unconstrained build operations Thread 77" [_thread_blocked, id=15272, stack(0x00000080bbe00000,0x00000080bbf00000)]
  0x0000019ef414e000 JavaThread "Unconstrained build operations Thread 78" [_thread_blocked, id=11416, stack(0x00000080bbf00000,0x00000080bc000000)]
  0x0000019ef4153000 JavaThread "Unconstrained build operations Thread 79" [_thread_blocked, id=9940, stack(0x00000080bc000000,0x00000080bc100000)]
  0x0000019ef4153800 JavaThread "Unconstrained build operations Thread 80" [_thread_blocked, id=15628, stack(0x00000080bc100000,0x00000080bc200000)]
  0x0000019ef4154800 JavaThread "File lock release action executor Thread 2" [_thread_blocked, id=8756, stack(0x00000080b2700000,0x00000080b2800000)]

Other Threads:
  0x0000019ef3565800 VMThread "VM Thread" [stack: 0x00000080b2f00000,0x00000080b3000000] [id=5904]
  0x0000019ef404e800 WatcherThread [stack: 0x00000080b3900000,0x00000080b3a00000] [id=3400]
  0x0000019ed557c000 GCTaskThread "GC Thread#0" [stack: 0x00000080b2a00000,0x00000080b2b00000] [id=5360]
  0x0000019ef4c07800 GCTaskThread "GC Thread#1" [stack: 0x00000080b3b00000,0x00000080b3c00000] [id=15444]
=>0x0000019ef48b6800 GCTaskThread "GC Thread#2" [stack: 0x00000080b3c00000,0x00000080b3d00000] [id=8280]
  0x0000019ef633c800 GCTaskThread "GC Thread#3" [stack: 0x00000080b4700000,0x00000080b4800000] [id=13976]
  0x0000019ef5762800 GCTaskThread "GC Thread#4" [stack: 0x00000080b4800000,0x00000080b4900000] [id=5892]
  0x0000019ef5e0b000 GCTaskThread "GC Thread#5" [stack: 0x00000080b4900000,0x00000080b4a00000] [id=13904]
  0x0000019ef72d7800 GCTaskThread "GC Thread#6" [stack: 0x00000080b4a00000,0x00000080b4b00000] [id=9884]
  0x0000019ef6842000 GCTaskThread "GC Thread#7" [stack: 0x00000080b4b00000,0x00000080b4c00000] [id=10252]
  0x0000019ed55af000 ConcurrentGCThread "G1 Main Marker" [stack: 0x00000080b2b00000,0x00000080b2c00000] [id=3524]
  0x0000019ed55b1000 ConcurrentGCThread "G1 Conc#0" [stack: 0x00000080b2c00000,0x00000080b2d00000] [id=11592]
  0x0000019ef620f000 ConcurrentGCThread "G1 Conc#1" [stack: 0x00000080b4f00000,0x00000080b5000000] [id=1596]
  0x0000019ed563d800 ConcurrentGCThread "G1 Refine#0" [stack: 0x00000080b2d00000,0x00000080b2e00000] [id=9848]
  0x0000019ef33d8800 ConcurrentGCThread "G1 Young RemSet Sampling" [stack: 0x00000080b2e00000,0x00000080b2f00000] [id=4224]

Threads with active compile tasks:
C2 CompilerThread0 143604 14703       4       org.gradle.api.internal.project.DefaultProject::identityPath (9 bytes)

VM state:at safepoint (normal execution)

VM Mutex/Monitor currently owned by a thread:  ([mutex/lock_event])
[0x0000019ed5565f50] Threads_lock - owner thread: 0x0000019ef3565800
[0x0000019ed5566cd0] Heap_lock - owner thread: 0x0000019ef4d45000

Heap address: 0x0000000080000000, size: 2048 MB, Compressed Oops mode: 32-bit
Narrow klass base: 0x0000000000000000, Narrow klass shift: 3
Compressed class space size: 528482304 Address: 0x0000000100000000

Heap:
 garbage-first heap   total 285696K, used 237774K [0x0000000080000000, 0x0000000100000000)
  region size 1024K, 33 young (33792K), 2 survivors (2048K)
 Metaspace       used 113876K, capacity 119707K, committed 119936K, reserved 618496K
  class space    used 15327K, capacity 17430K, committed 17536K, reserved 516096K
Heap Regions: E=young(eden), S=young(survivor), O=old, HS=humongous(starts), HC=humongous(continues), CS=collection set, F=free, A=archive, TAMS=top-at-mark-start (previous, next)
|   0|0x0000000080000000, 0x0000000080100000, 0x0000000080100000|100%| O|  |TAMS 0x0000000080100000, 0x0000000080000000| Untracked 
|   1|0x0000000080100000, 0x0000000080200000, 0x0000000080200000|100%| O|  |TAMS 0x0000000080200000, 0x0000000080100000| Untracked 
|   2|0x0000000080200000, 0x0000000080300000, 0x0000000080300000|100%| O|  |TAMS 0x0000000080300000, 0x0000000080200000| Untracked 
|   3|0x0000000080300000, 0x0000000080400000, 0x0000000080400000|100%|HS|  |TAMS 0x0000000080400000, 0x0000000080300000| Complete 
|   4|0x0000000080400000, 0x0000000080500000, 0x0000000080500000|100%|HC|  |TAMS 0x0000000080500000, 0x0000000080400000| Complete 
|   5|0x0000000080500000, 0x0000000080600000, 0x0000000080600000|100%|HC|  |TAMS 0x0000000080600000, 0x0000000080500000| Complete 
|   6|0x0000000080600000, 0x0000000080700000, 0x0000000080700000|100%| O|  |TAMS 0x0000000080700000, 0x0000000080600000| Untracked 
|   7|0x0000000080700000, 0x0000000080800000, 0x0000000080800000|100%| O|  |TAMS 0x0000000080800000, 0x0000000080700000| Untracked 
|   8|0x0000000080800000, 0x0000000080900000, 0x0000000080900000|100%| O|  |TAMS 0x0000000080900000, 0x0000000080800000| Untracked 
|   9|0x0000000080900000, 0x0000000080a00000, 0x0000000080a00000|100%| O|  |TAMS 0x0000000080a00000, 0x0000000080900000| Untracked 
|  10|0x0000000080a00000, 0x0000000080b00000, 0x0000000080b00000|100%| O|  |TAMS 0x0000000080b00000, 0x0000000080a00000| Untracked 
|  11|0x0000000080b00000, 0x0000000080c00000, 0x0000000080c00000|100%| O|  |TAMS 0x0000000080c00000, 0x0000000080b00000| Untracked 
|  12|0x0000000080c00000, 0x0000000080d00000, 0x0000000080d00000|100%| O|  |TAMS 0x0000000080d00000, 0x0000000080c00000| Untracked 
|  13|0x0000000080d00000, 0x0000000080e00000, 0x0000000080e00000|100%| O|  |TAMS 0x0000000080e00000, 0x0000000080d00000| Untracked 
|  14|0x0000000080e00000, 0x0000000080f00000, 0x0000000080f00000|100%| O|  |TAMS 0x0000000080f00000, 0x0000000080e00000| Untracked 
|  15|0x0000000080f00000, 0x0000000081000000, 0x0000000081000000|100%| O|  |TAMS 0x0000000081000000, 0x0000000080f00000| Untracked 
|  16|0x0000000081000000, 0x0000000081100000, 0x0000000081100000|100%| O|  |TAMS 0x0000000081100000, 0x0000000081000000| Untracked 
|  17|0x0000000081100000, 0x0000000081200000, 0x0000000081200000|100%|HS|  |TAMS 0x0000000081200000, 0x0000000081100000| Complete 
|  18|0x0000000081200000, 0x0000000081300000, 0x0000000081300000|100%| O|  |TAMS 0x0000000081300000, 0x0000000081200000| Untracked 
|  19|0x0000000081300000, 0x0000000081400000, 0x0000000081400000|100%| O|  |TAMS 0x0000000081400000, 0x0000000081300000| Untracked 
|  20|0x0000000081400000, 0x0000000081500000, 0x0000000081500000|100%| O|  |TAMS 0x0000000081500000, 0x0000000081400000| Untracked 
|  21|0x0000000081500000, 0x0000000081600000, 0x0000000081600000|100%| O|  |TAMS 0x0000000081600000, 0x0000000081500000| Untracked 
|  22|0x0000000081600000, 0x0000000081700000, 0x0000000081700000|100%| O|  |TAMS 0x0000000081700000, 0x0000000081600000| Untracked 
|  23|0x0000000081700000, 0x0000000081800000, 0x0000000081800000|100%| O|  |TAMS 0x0000000081800000, 0x0000000081700000| Untracked 
|  24|0x0000000081800000, 0x0000000081900000, 0x0000000081900000|100%| O|  |TAMS 0x0000000081900000, 0x0000000081800000| Untracked 
|  25|0x0000000081900000, 0x0000000081a00000, 0x0000000081a00000|100%| O|  |TAMS 0x0000000081a00000, 0x0000000081900000| Untracked 
|  26|0x0000000081a00000, 0x0000000081b00000, 0x0000000081b00000|100%| O|  |TAMS 0x0000000081b00000, 0x0000000081a00000| Untracked 
|  27|0x0000000081b00000, 0x0000000081c00000, 0x0000000081c00000|100%| O|  |TAMS 0x0000000081c00000, 0x0000000081b00000| Untracked 
|  28|0x0000000081c00000, 0x0000000081d00000, 0x0000000081d00000|100%| O|  |TAMS 0x0000000081d00000, 0x0000000081c00000| Untracked 
|  29|0x0000000081d00000, 0x0000000081e00000, 0x0000000081e00000|100%|HS|  |TAMS 0x0000000081e00000, 0x0000000081d00000| Complete 
|  30|0x0000000081e00000, 0x0000000081f00000, 0x0000000081f00000|100%|HC|  |TAMS 0x0000000081f00000, 0x0000000081e00000| Complete 
|  31|0x0000000081f00000, 0x0000000082000000, 0x0000000082000000|100%|HC|  |TAMS 0x0000000082000000, 0x0000000081f00000| Complete 
|  32|0x0000000082000000, 0x0000000082100000, 0x0000000082100000|100%| O|  |TAMS 0x0000000082100000, 0x0000000082000000| Untracked 
|  33|0x0000000082100000, 0x0000000082200000, 0x0000000082200000|100%| O|  |TAMS 0x0000000082200000, 0x0000000082100000| Untracked 
|  34|0x0000000082200000, 0x0000000082300000, 0x0000000082300000|100%| O|  |TAMS 0x0000000082300000, 0x0000000082200000| Untracked 
|  35|0x0000000082300000, 0x0000000082400000, 0x0000000082400000|100%| O|  |TAMS 0x0000000082400000, 0x0000000082300000| Untracked 
|  36|0x0000000082400000, 0x0000000082500000, 0x0000000082500000|100%| O|  |TAMS 0x0000000082500000, 0x0000000082400000| Untracked 
|  37|0x0000000082500000, 0x0000000082600000, 0x0000000082600000|100%| O|  |TAMS 0x0000000082600000, 0x0000000082500000| Untracked 
|  38|0x0000000082600000, 0x0000000082700000, 0x0000000082700000|100%| O|  |TAMS 0x0000000082700000, 0x0000000082600000| Untracked 
|  39|0x0000000082700000, 0x0000000082800000, 0x0000000082800000|100%| O|  |TAMS 0x0000000082800000, 0x0000000082700000| Untracked 
|  40|0x0000000082800000, 0x0000000082900000, 0x0000000082900000|100%| O|  |TAMS 0x0000000082900000, 0x0000000082800000| Untracked 
|  41|0x0000000082900000, 0x0000000082a00000, 0x0000000082a00000|100%| O|  |TAMS 0x0000000082a00000, 0x0000000082900000| Untracked 
|  42|0x0000000082a00000, 0x0000000082b00000, 0x0000000082b00000|100%| O|  |TAMS 0x0000000082b00000, 0x0000000082a00000| Untracked 
|  43|0x0000000082b00000, 0x0000000082c00000, 0x0000000082c00000|100%| O|  |TAMS 0x0000000082c00000, 0x0000000082b00000| Untracked 
|  44|0x0000000082c00000, 0x0000000082d00000, 0x0000000082d00000|100%| O|  |TAMS 0x0000000082d00000, 0x0000000082c00000| Untracked 
|  45|0x0000000082d00000, 0x0000000082e00000, 0x0000000082e00000|100%| O|  |TAMS 0x0000000082e00000, 0x0000000082d00000| Untracked 
|  46|0x0000000082e00000, 0x0000000082f00000, 0x0000000082f00000|100%| O|  |TAMS 0x0000000082f00000, 0x0000000082e00000| Untracked 
|  47|0x0000000082f00000, 0x0000000083000000, 0x0000000083000000|100%| O|  |TAMS 0x0000000083000000, 0x0000000082f00000| Untracked 
|  48|0x0000000083000000, 0x0000000083100000, 0x0000000083100000|100%| O|  |TAMS 0x0000000083100000, 0x0000000083000000| Untracked 
|  49|0x0000000083100000, 0x0000000083200000, 0x0000000083200000|100%| O|  |TAMS 0x0000000083200000, 0x0000000083100000| Untracked 
|  50|0x0000000083200000, 0x0000000083300000, 0x0000000083300000|100%| O|  |TAMS 0x0000000083300000, 0x0000000083200000| Untracked 
|  51|0x0000000083300000, 0x0000000083400000, 0x0000000083400000|100%| O|  |TAMS 0x0000000083400000, 0x0000000083300000| Untracked 
|  52|0x0000000083400000, 0x0000000083500000, 0x0000000083500000|100%| O|  |TAMS 0x0000000083500000, 0x0000000083400000| Untracked 
|  53|0x0000000083500000, 0x0000000083600000, 0x0000000083600000|100%| O|  |TAMS 0x0000000083600000, 0x0000000083500000| Untracked 
|  54|0x0000000083600000, 0x0000000083700000, 0x0000000083700000|100%|HS|  |TAMS 0x0000000083700000, 0x0000000083600000| Complete 
|  55|0x0000000083700000, 0x0000000083800000, 0x0000000083800000|100%|HS|  |TAMS 0x0000000083800000, 0x0000000083700000| Complete 
|  56|0x0000000083800000, 0x0000000083900000, 0x0000000083900000|100%| O|  |TAMS 0x0000000083900000, 0x0000000083800000| Untracked 
|  57|0x0000000083900000, 0x0000000083a00000, 0x0000000083a00000|100%| O|  |TAMS 0x0000000083a00000, 0x0000000083900000| Untracked 
|  58|0x0000000083a00000, 0x0000000083b00000, 0x0000000083b00000|100%|HS|  |TAMS 0x0000000083b00000, 0x0000000083a00000| Complete 
|  59|0x0000000083b00000, 0x0000000083c00000, 0x0000000083c00000|100%|HC|  |TAMS 0x0000000083c00000, 0x0000000083b00000| Complete 
|  60|0x0000000083c00000, 0x0000000083d00000, 0x0000000083d00000|100%| O|  |TAMS 0x0000000083d00000, 0x0000000083c00000| Untracked 
|  61|0x0000000083d00000, 0x0000000083e00000, 0x0000000083e00000|100%| O|  |TAMS 0x0000000083e00000, 0x0000000083d00000| Untracked 
|  62|0x0000000083e00000, 0x0000000083f00000, 0x0000000083f00000|100%| O|  |TAMS 0x0000000083f00000, 0x0000000083e00000| Untracked 
|  63|0x0000000083f00000, 0x0000000084000000, 0x0000000084000000|100%| O|  |TAMS 0x0000000084000000, 0x0000000083f00000| Untracked 
|  64|0x0000000084000000, 0x0000000084100000, 0x0000000084100000|100%| O|  |TAMS 0x0000000084100000, 0x0000000084000000| Untracked 
|  65|0x0000000084100000, 0x0000000084200000, 0x0000000084200000|100%| O|  |TAMS 0x0000000084200000, 0x0000000084100000| Untracked 
|  66|0x0000000084200000, 0x0000000084300000, 0x0000000084300000|100%| O|  |TAMS 0x0000000084300000, 0x0000000084200000| Untracked 
|  67|0x0000000084300000, 0x0000000084400000, 0x0000000084400000|100%| O|  |TAMS 0x0000000084400000, 0x0000000084300000| Untracked 
|  68|0x0000000084400000, 0x0000000084500000, 0x0000000084500000|100%| O|  |TAMS 0x0000000084500000, 0x0000000084400000| Untracked 
|  69|0x0000000084500000, 0x0000000084600000, 0x0000000084600000|100%| O|  |TAMS 0x0000000084600000, 0x0000000084500000| Untracked 
|  70|0x0000000084600000, 0x0000000084700000, 0x0000000084700000|100%| O|  |TAMS 0x0000000084700000, 0x0000000084600000| Untracked 
|  71|0x0000000084700000, 0x0000000084800000, 0x0000000084800000|100%| O|  |TAMS 0x0000000084800000, 0x0000000084700000| Untracked 
|  72|0x0000000084800000, 0x0000000084900000, 0x0000000084900000|100%| O|  |TAMS 0x0000000084900000, 0x0000000084800000| Untracked 
|  73|0x0000000084900000, 0x0000000084a00000, 0x0000000084a00000|100%| O|  |TAMS 0x0000000084a00000, 0x0000000084900000| Untracked 
|  74|0x0000000084a00000, 0x0000000084b00000, 0x0000000084b00000|100%| O|  |TAMS 0x0000000084b00000, 0x0000000084a00000| Untracked 
|  75|0x0000000084b00000, 0x0000000084c00000, 0x0000000084c00000|100%| O|  |TAMS 0x0000000084c00000, 0x0000000084b00000| Untracked 
|  76|0x0000000084c00000, 0x0000000084d00000, 0x0000000084d00000|100%| O|  |TAMS 0x0000000084d00000, 0x0000000084c00000| Untracked 
|  77|0x0000000084d00000, 0x0000000084e00000, 0x0000000084e00000|100%| O|  |TAMS 0x0000000084e00000, 0x0000000084d00000| Untracked 
|  78|0x0000000084e00000, 0x0000000084f00000, 0x0000000084f00000|100%| O|  |TAMS 0x0000000084f00000, 0x0000000084e00000| Untracked 
|  79|0x0000000084f00000, 0x0000000085000000, 0x0000000085000000|100%| O|  |TAMS 0x0000000085000000, 0x0000000084f00000| Untracked 
|  80|0x0000000085000000, 0x0000000085100000, 0x0000000085100000|100%| O|  |TAMS 0x0000000085100000, 0x0000000085000000| Untracked 
|  81|0x0000000085100000, 0x0000000085200000, 0x0000000085200000|100%| O|  |TAMS 0x0000000085200000, 0x0000000085100000| Untracked 
|  82|0x0000000085200000, 0x0000000085300000, 0x0000000085300000|100%| O|  |TAMS 0x0000000085300000, 0x0000000085200000| Untracked 
|  83|0x0000000085300000, 0x0000000085400000, 0x0000000085400000|100%| O|  |TAMS 0x0000000085400000, 0x0000000085300000| Untracked 
|  84|0x0000000085400000, 0x0000000085500000, 0x0000000085500000|100%| O|  |TAMS 0x0000000085500000, 0x0000000085400000| Untracked 
|  85|0x0000000085500000, 0x0000000085600000, 0x0000000085600000|100%| O|  |TAMS 0x0000000085600000, 0x0000000085500000| Untracked 
|  86|0x0000000085600000, 0x0000000085700000, 0x0000000085700000|100%| O|  |TAMS 0x0000000085700000, 0x0000000085600000| Untracked 
|  87|0x0000000085700000, 0x0000000085800000, 0x0000000085800000|100%| O|  |TAMS 0x0000000085800000, 0x0000000085700000| Untracked 
|  88|0x0000000085800000, 0x0000000085900000, 0x0000000085900000|100%| O|  |TAMS 0x0000000085900000, 0x0000000085800000| Untracked 
|  89|0x0000000085900000, 0x0000000085a00000, 0x0000000085a00000|100%| O|  |TAMS 0x0000000085a00000, 0x0000000085900000| Untracked 
|  90|0x0000000085a00000, 0x0000000085b00000, 0x0000000085b00000|100%| O|  |TAMS 0x0000000085b00000, 0x0000000085a00000| Untracked 
|  91|0x0000000085b00000, 0x0000000085c00000, 0x0000000085c00000|100%| O|  |TAMS 0x0000000085c00000, 0x0000000085b00000| Untracked 
|  92|0x0000000085c00000, 0x0000000085d00000, 0x0000000085d00000|100%| O|  |TAMS 0x0000000085d00000, 0x0000000085c00000| Untracked 
|  93|0x0000000085d00000, 0x0000000085e00000, 0x0000000085e00000|100%| O|  |TAMS 0x0000000085e00000, 0x0000000085d00000| Untracked 
|  94|0x0000000085e00000, 0x0000000085f00000, 0x0000000085f00000|100%| O|  |TAMS 0x0000000085f00000, 0x0000000085e00000| Untracked 
|  95|0x0000000085f00000, 0x0000000086000000, 0x0000000086000000|100%| O|  |TAMS 0x0000000086000000, 0x0000000085f00000| Untracked 
|  96|0x0000000086000000, 0x0000000086100000, 0x0000000086100000|100%| O|  |TAMS 0x0000000086100000, 0x0000000086000000| Untracked 
|  97|0x0000000086100000, 0x0000000086200000, 0x0000000086200000|100%| O|  |TAMS 0x0000000086200000, 0x0000000086100000| Untracked 
|  98|0x0000000086200000, 0x0000000086300000, 0x0000000086300000|100%| O|  |TAMS 0x0000000086300000, 0x0000000086200000| Untracked 
|  99|0x0000000086300000, 0x0000000086400000, 0x0000000086400000|100%|HS|  |TAMS 0x0000000086400000, 0x0000000086300000| Complete 
| 100|0x0000000086400000, 0x0000000086500000, 0x0000000086500000|100%|HC|  |TAMS 0x0000000086500000, 0x0000000086400000| Complete 
| 101|0x0000000086500000, 0x0000000086600000, 0x0000000086600000|100%| O|  |TAMS 0x0000000086600000, 0x0000000086500000| Untracked 
| 102|0x0000000086600000, 0x0000000086700000, 0x0000000086700000|100%|HS|  |TAMS 0x0000000086700000, 0x0000000086600000| Complete 
| 103|0x0000000086700000, 0x0000000086800000, 0x0000000086800000|100%|HS|  |TAMS 0x0000000086800000, 0x0000000086700000| Complete 
| 104|0x0000000086800000, 0x0000000086900000, 0x0000000086900000|100%|HC|  |TAMS 0x0000000086900000, 0x0000000086800000| Complete 
| 105|0x0000000086900000, 0x0000000086a00000, 0x0000000086a00000|100%|HC|  |TAMS 0x0000000086a00000, 0x0000000086900000| Complete 
| 106|0x0000000086a00000, 0x0000000086b00000, 0x0000000086b00000|100%|HC|  |TAMS 0x0000000086b00000, 0x0000000086a00000| Complete 
| 107|0x0000000086b00000, 0x0000000086c00000, 0x0000000086c00000|100%| O|  |TAMS 0x0000000086c00000, 0x0000000086b00000| Untracked 
| 108|0x0000000086c00000, 0x0000000086d00000, 0x0000000086d00000|100%| O|  |TAMS 0x0000000086d00000, 0x0000000086c00000| Untracked 
| 109|0x0000000086d00000, 0x0000000086e00000, 0x0000000086e00000|100%| O|  |TAMS 0x0000000086e00000, 0x0000000086d00000| Untracked 
| 110|0x0000000086e00000, 0x0000000086f00000, 0x0000000086f00000|100%| O|  |TAMS 0x0000000086f00000, 0x0000000086e00000| Untracked 
| 111|0x0000000086f00000, 0x0000000087000000, 0x0000000087000000|100%| O|  |TAMS 0x0000000087000000, 0x0000000086f00000| Untracked 
| 112|0x0000000087000000, 0x0000000087100000, 0x0000000087100000|100%| O|  |TAMS 0x0000000087100000, 0x0000000087000000| Untracked 
| 113|0x0000000087100000, 0x0000000087200000, 0x0000000087200000|100%|HS|  |TAMS 0x0000000087200000, 0x0000000087100000| Complete 
| 114|0x0000000087200000, 0x0000000087300000, 0x0000000087300000|100%|HC|  |TAMS 0x0000000087300000, 0x0000000087200000| Complete 
| 115|0x0000000087300000, 0x0000000087400000, 0x0000000087400000|100%| O|  |TAMS 0x0000000087400000, 0x0000000087300000| Untracked 
| 116|0x0000000087400000, 0x0000000087500000, 0x0000000087500000|100%| O|  |TAMS 0x0000000087500000, 0x0000000087400000| Untracked 
| 117|0x0000000087500000, 0x0000000087600000, 0x0000000087600000|100%| O|  |TAMS 0x0000000087600000, 0x0000000087500000| Untracked 
| 118|0x0000000087600000, 0x0000000087700000, 0x0000000087700000|100%| O|  |TAMS 0x0000000087700000, 0x0000000087600000| Untracked 
| 119|0x0000000087700000, 0x0000000087800000, 0x0000000087800000|100%| O|  |TAMS 0x0000000087800000, 0x0000000087700000| Untracked 
| 120|0x0000000087800000, 0x0000000087900000, 0x0000000087900000|100%| O|  |TAMS 0x0000000087900000, 0x0000000087800000| Untracked 
| 121|0x0000000087900000, 0x0000000087a00000, 0x0000000087a00000|100%| O|  |TAMS 0x0000000087a00000, 0x0000000087900000| Untracked 
| 122|0x0000000087a00000, 0x0000000087b00000, 0x0000000087b00000|100%| O|  |TAMS 0x0000000087b00000, 0x0000000087a00000| Untracked 
| 123|0x0000000087b00000, 0x0000000087c00000, 0x0000000087c00000|100%| O|  |TAMS 0x0000000087c00000, 0x0000000087b00000| Untracked 
| 124|0x0000000087c00000, 0x0000000087d00000, 0x0000000087d00000|100%| O|  |TAMS 0x0000000087d00000, 0x0000000087c00000| Untracked 
| 125|0x0000000087d00000, 0x0000000087e00000, 0x0000000087e00000|100%| O|  |TAMS 0x0000000087e00000, 0x0000000087d00000| Untracked 
| 126|0x0000000087e00000, 0x0000000087f00000, 0x0000000087f00000|100%| O|  |TAMS 0x0000000087f00000, 0x0000000087e00000| Untracked 
| 127|0x0000000087f00000, 0x0000000088000000, 0x0000000088000000|100%| O|  |TAMS 0x0000000088000000, 0x0000000087f00000| Untracked 
| 128|0x0000000088000000, 0x0000000088100000, 0x0000000088100000|100%| O|  |TAMS 0x0000000088100000, 0x0000000088000000| Untracked 
| 129|0x0000000088100000, 0x0000000088200000, 0x0000000088200000|100%| O|  |TAMS 0x0000000088200000, 0x0000000088100000| Untracked 
| 130|0x0000000088200000, 0x0000000088300000, 0x0000000088300000|100%|HS|  |TAMS 0x0000000088300000, 0x0000000088200000| Complete 
| 131|0x0000000088300000, 0x0000000088400000, 0x0000000088400000|100%|HS|  |TAMS 0x0000000088400000, 0x0000000088300000| Complete 
| 132|0x0000000088400000, 0x0000000088500000, 0x0000000088500000|100%|HC|  |TAMS 0x0000000088500000, 0x0000000088400000| Complete 
| 133|0x0000000088500000, 0x0000000088600000, 0x0000000088600000|100%|HC|  |TAMS 0x0000000088600000, 0x0000000088500000| Complete 
| 134|0x0000000088600000, 0x0000000088700000, 0x0000000088700000|100%| O|  |TAMS 0x0000000088700000, 0x0000000088600000| Untracked 
| 135|0x0000000088700000, 0x0000000088800000, 0x0000000088800000|100%| O|  |TAMS 0x0000000088800000, 0x0000000088700000| Untracked 
| 136|0x0000000088800000, 0x0000000088900000, 0x0000000088900000|100%| O|  |TAMS 0x0000000088900000, 0x0000000088800000| Untracked 
| 137|0x0000000088900000, 0x0000000088a00000, 0x0000000088a00000|100%| O|  |TAMS 0x0000000088a00000, 0x0000000088900000| Untracked 
| 138|0x0000000088a00000, 0x0000000088b00000, 0x0000000088b00000|100%| O|  |TAMS 0x0000000088b00000, 0x0000000088a00000| Untracked 
| 139|0x0000000088b00000, 0x0000000088c00000, 0x0000000088c00000|100%| O|  |TAMS 0x0000000088c00000, 0x0000000088b00000| Untracked 
| 140|0x0000000088c00000, 0x0000000088d00000, 0x0000000088d00000|100%| O|  |TAMS 0x0000000088d00000, 0x0000000088c00000| Untracked 
| 141|0x0000000088d00000, 0x0000000088e00000, 0x0000000088e00000|100%| O|  |TAMS 0x0000000088e00000, 0x0000000088d00000| Untracked 
| 142|0x0000000088e00000, 0x0000000088f00000, 0x0000000088f00000|100%| O|  |TAMS 0x0000000088f00000, 0x0000000088e00000| Untracked 
| 143|0x0000000088f00000, 0x0000000089000000, 0x0000000089000000|100%| O|  |TAMS 0x0000000089000000, 0x0000000088f00000| Untracked 
| 144|0x0000000089000000, 0x0000000089100000, 0x0000000089100000|100%| O|  |TAMS 0x0000000089100000, 0x0000000089000000| Untracked 
| 145|0x0000000089100000, 0x0000000089200000, 0x0000000089200000|100%| O|  |TAMS 0x0000000089200000, 0x0000000089100000| Untracked 
| 146|0x0000000089200000, 0x0000000089300000, 0x0000000089300000|100%| O|  |TAMS 0x0000000089300000, 0x0000000089200000| Untracked 
| 147|0x0000000089300000, 0x0000000089400000, 0x0000000089400000|100%| O|  |TAMS 0x0000000089400000, 0x0000000089300000| Untracked 
| 148|0x0000000089400000, 0x0000000089500000, 0x0000000089500000|100%|HS|  |TAMS 0x0000000089500000, 0x0000000089400000| Complete 
| 149|0x0000000089500000, 0x0000000089600000, 0x0000000089600000|100%|HC|  |TAMS 0x0000000089600000, 0x0000000089500000| Complete 
| 150|0x0000000089600000, 0x0000000089700000, 0x0000000089700000|100%| O|  |TAMS 0x0000000089700000, 0x0000000089600000| Untracked 
| 151|0x0000000089700000, 0x0000000089800000, 0x0000000089800000|100%| O|  |TAMS 0x0000000089800000, 0x0000000089700000| Untracked 
| 152|0x0000000089800000, 0x0000000089900000, 0x0000000089900000|100%| O|  |TAMS 0x0000000089900000, 0x0000000089800000| Untracked 
| 153|0x0000000089900000, 0x0000000089a00000, 0x0000000089a00000|100%| O|  |TAMS 0x0000000089a00000, 0x0000000089900000| Untracked 
| 154|0x0000000089a00000, 0x0000000089b00000, 0x0000000089b00000|100%| O|  |TAMS 0x0000000089b00000, 0x0000000089a00000| Untracked 
| 155|0x0000000089b00000, 0x0000000089c00000, 0x0000000089c00000|100%| O|  |TAMS 0x0000000089c00000, 0x0000000089b00000| Untracked 
| 156|0x0000000089c00000, 0x0000000089d00000, 0x0000000089d00000|100%|HS|  |TAMS 0x0000000089d00000, 0x0000000089c00000| Complete 
| 157|0x0000000089d00000, 0x0000000089e00000, 0x0000000089e00000|100%| O|  |TAMS 0x0000000089e00000, 0x0000000089d00000| Untracked 
| 158|0x0000000089e00000, 0x0000000089f00000, 0x0000000089f00000|100%| O|  |TAMS 0x0000000089f00000, 0x0000000089e00000| Untracked 
| 159|0x0000000089f00000, 0x000000008a000000, 0x000000008a000000|100%| O|  |TAMS 0x000000008a000000, 0x0000000089f00000| Untracked 
| 160|0x000000008a000000, 0x000000008a100000, 0x000000008a100000|100%| O|  |TAMS 0x000000008a100000, 0x000000008a000000| Untracked 
| 161|0x000000008a100000, 0x000000008a200000, 0x000000008a200000|100%| O|  |TAMS 0x000000008a200000, 0x000000008a100000| Untracked 
| 162|0x000000008a200000, 0x000000008a300000, 0x000000008a300000|100%| O|  |TAMS 0x000000008a300000, 0x000000008a200000| Untracked 
| 163|0x000000008a300000, 0x000000008a400000, 0x000000008a400000|100%| O|  |TAMS 0x000000008a400000, 0x000000008a300000| Untracked 
| 164|0x000000008a400000, 0x000000008a500000, 0x000000008a500000|100%| O|  |TAMS 0x000000008a500000, 0x000000008a400000| Untracked 
| 165|0x000000008a500000, 0x000000008a600000, 0x000000008a600000|100%| O|  |TAMS 0x000000008a600000, 0x000000008a500000| Untracked 
| 166|0x000000008a600000, 0x000000008a700000, 0x000000008a700000|100%| O|  |TAMS 0x000000008a700000, 0x000000008a600000| Untracked 
| 167|0x000000008a700000, 0x000000008a800000, 0x000000008a800000|100%| O|  |TAMS 0x000000008a800000, 0x000000008a700000| Untracked 
| 168|0x000000008a800000, 0x000000008a900000, 0x000000008a900000|100%| O|  |TAMS 0x000000008a84ae00, 0x000000008a800000| Untracked 
| 169|0x000000008a900000, 0x000000008aa00000, 0x000000008aa00000|100%| O|  |TAMS 0x000000008a900000, 0x000000008a900000| Untracked 
| 170|0x000000008aa00000, 0x000000008ab00000, 0x000000008ab00000|100%| O|  |TAMS 0x000000008aa00000, 0x000000008aa00000| Untracked 
| 171|0x000000008ab00000, 0x000000008ac00000, 0x000000008ac00000|100%| O|  |TAMS 0x000000008ab00000, 0x000000008ab00000| Untracked 
| 172|0x000000008ac00000, 0x000000008ad00000, 0x000000008ad00000|100%| O|  |TAMS 0x000000008ac00000, 0x000000008ac00000| Untracked 
| 173|0x000000008ad00000, 0x000000008ae00000, 0x000000008ae00000|100%| O|  |TAMS 0x000000008ad00000, 0x000000008ad00000| Untracked 
| 174|0x000000008ae00000, 0x000000008af00000, 0x000000008af00000|100%| O|  |TAMS 0x000000008ae00000, 0x000000008ae00000| Untracked 
| 175|0x000000008af00000, 0x000000008b000000, 0x000000008b000000|100%| O|  |TAMS 0x000000008af00000, 0x000000008af00000| Untracked 
| 176|0x000000008b000000, 0x000000008b100000, 0x000000008b100000|100%| O|  |TAMS 0x000000008b000000, 0x000000008b000000| Untracked 
| 177|0x000000008b100000, 0x000000008b200000, 0x000000008b200000|100%| O|  |TAMS 0x000000008b100000, 0x000000008b100000| Untracked 
| 178|0x000000008b200000, 0x000000008b300000, 0x000000008b300000|100%| O|  |TAMS 0x000000008b200000, 0x000000008b200000| Untracked 
| 179|0x000000008b300000, 0x000000008b400000, 0x000000008b400000|100%| O|  |TAMS 0x000000008b300000, 0x000000008b300000| Untracked 
| 180|0x000000008b400000, 0x000000008b500000, 0x000000008b500000|100%|HS|  |TAMS 0x000000008b400000, 0x000000008b400000| Complete 
| 181|0x000000008b500000, 0x000000008b600000, 0x000000008b600000|100%|HS|  |TAMS 0x000000008b500000, 0x000000008b500000| Complete 
| 182|0x000000008b600000, 0x000000008b700000, 0x000000008b700000|100%|HC|  |TAMS 0x000000008b600000, 0x000000008b600000| Complete 
| 183|0x000000008b700000, 0x000000008b800000, 0x000000008b800000|100%|HC|  |TAMS 0x000000008b700000, 0x000000008b700000| Complete 
| 184|0x000000008b800000, 0x000000008b900000, 0x000000008b900000|100%| O|  |TAMS 0x000000008b800000, 0x000000008b800000| Untracked 
| 185|0x000000008b900000, 0x000000008ba00000, 0x000000008ba00000|100%| O|  |TAMS 0x000000008b900000, 0x000000008b900000| Untracked 
| 186|0x000000008ba00000, 0x000000008bb00000, 0x000000008bb00000|100%| O|  |TAMS 0x000000008ba00000, 0x000000008ba00000| Untracked 
| 187|0x000000008bb00000, 0x000000008bc00000, 0x000000008bc00000|100%| O|  |TAMS 0x000000008bb00000, 0x000000008bb00000| Untracked 
| 188|0x000000008bc00000, 0x000000008bd00000, 0x000000008bd00000|100%| O|  |TAMS 0x000000008bc00000, 0x000000008bc00000| Untracked 
| 189|0x000000008bd00000, 0x000000008be00000, 0x000000008be00000|100%| O|  |TAMS 0x000000008bd00000, 0x000000008bd00000| Untracked 
| 190|0x000000008be00000, 0x000000008bf00000, 0x000000008bf00000|100%| O|  |TAMS 0x000000008be00000, 0x000000008be00000| Untracked 
| 191|0x000000008bf00000, 0x000000008c000000, 0x000000008c000000|100%| O|  |TAMS 0x000000008bf00000, 0x000000008bf00000| Untracked 
| 192|0x000000008c000000, 0x000000008c100000, 0x000000008c100000|100%|HS|  |TAMS 0x000000008c000000, 0x000000008c000000| Complete 
| 193|0x000000008c100000, 0x000000008c200000, 0x000000008c200000|100%| O|  |TAMS 0x000000008c100000, 0x000000008c100000| Untracked 
| 194|0x000000008c200000, 0x000000008c300000, 0x000000008c300000|100%| O|  |TAMS 0x000000008c200000, 0x000000008c200000| Untracked 
| 195|0x000000008c300000, 0x000000008c400000, 0x000000008c400000|100%| O|  |TAMS 0x000000008c300000, 0x000000008c300000| Untracked 
| 196|0x000000008c400000, 0x000000008c500000, 0x000000008c500000|100%| O|  |TAMS 0x000000008c400000, 0x000000008c400000| Untracked 
| 197|0x000000008c500000, 0x000000008c600000, 0x000000008c600000|100%| O|  |TAMS 0x000000008c500000, 0x000000008c500000| Untracked 
| 198|0x000000008c600000, 0x000000008c700000, 0x000000008c700000|100%| O|  |TAMS 0x000000008c600000, 0x000000008c600000| Untracked 
| 199|0x000000008c700000, 0x000000008c800000, 0x000000008c800000|100%| O|  |TAMS 0x000000008c700000, 0x000000008c700000| Untracked 
| 200|0x000000008c800000, 0x000000008c900000, 0x000000008c900000|100%| O|  |TAMS 0x000000008c800000, 0x000000008c800000| Untracked 
| 201|0x000000008c900000, 0x000000008c963990, 0x000000008ca00000| 38%| O|  |TAMS 0x000000008c900000, 0x000000008c900000| Untracked 
| 202|0x000000008ca00000, 0x000000008ca00000, 0x000000008cb00000|  0%| F|  |TAMS 0x000000008ca00000, 0x000000008ca00000| Untracked 
| 203|0x000000008cb00000, 0x000000008cb00000, 0x000000008cc00000|  0%| F|  |TAMS 0x000000008cb00000, 0x000000008cb00000| Untracked 
| 204|0x000000008cc00000, 0x000000008cc00000, 0x000000008cd00000|  0%| F|  |TAMS 0x000000008cc00000, 0x000000008cc00000| Untracked 
| 205|0x000000008cd00000, 0x000000008cd00000, 0x000000008ce00000|  0%| F|  |TAMS 0x000000008cd00000, 0x000000008cd00000| Untracked 
| 206|0x000000008ce00000, 0x000000008ce00000, 0x000000008cf00000|  0%| F|  |TAMS 0x000000008ce00000, 0x000000008ce00000| Untracked 
| 207|0x000000008cf00000, 0x000000008cf00000, 0x000000008d000000|  0%| F|  |TAMS 0x000000008cf00000, 0x000000008cf00000| Untracked 
| 208|0x000000008d000000, 0x000000008d000000, 0x000000008d100000|  0%| F|  |TAMS 0x000000008d000000, 0x000000008d000000| Untracked 
| 209|0x000000008d100000, 0x000000008d100000, 0x000000008d200000|  0%| F|  |TAMS 0x000000008d100000, 0x000000008d100000| Untracked 
| 210|0x000000008d200000, 0x000000008d200000, 0x000000008d300000|  0%| F|  |TAMS 0x000000008d200000, 0x000000008d200000| Untracked 
| 211|0x000000008d300000, 0x000000008d300000, 0x000000008d400000|  0%| F|  |TAMS 0x000000008d300000, 0x000000008d300000| Untracked 
| 212|0x000000008d400000, 0x000000008d400000, 0x000000008d500000|  0%| F|  |TAMS 0x000000008d400000, 0x000000008d400000| Untracked 
| 213|0x000000008d500000, 0x000000008d500000, 0x000000008d600000|  0%| F|  |TAMS 0x000000008d500000, 0x000000008d500000| Untracked 
| 214|0x000000008d600000, 0x000000008d600000, 0x000000008d700000|  0%| F|  |TAMS 0x000000008d600000, 0x000000008d600000| Untracked 
| 215|0x000000008d700000, 0x000000008d700000, 0x000000008d800000|  0%| F|  |TAMS 0x000000008d700000, 0x000000008d700000| Untracked 
| 216|0x000000008d800000, 0x000000008d800000, 0x000000008d900000|  0%| F|  |TAMS 0x000000008d800000, 0x000000008d800000| Untracked 
| 217|0x000000008d900000, 0x000000008d900000, 0x000000008da00000|  0%| F|  |TAMS 0x000000008d900000, 0x000000008d900000| Untracked 
| 218|0x000000008da00000, 0x000000008da00000, 0x000000008db00000|  0%| F|  |TAMS 0x000000008da00000, 0x000000008da00000| Untracked 
| 219|0x000000008db00000, 0x000000008db00000, 0x000000008dc00000|  0%| F|  |TAMS 0x000000008db00000, 0x000000008db00000| Untracked 
| 220|0x000000008dc00000, 0x000000008dc00000, 0x000000008dd00000|  0%| F|  |TAMS 0x000000008dc00000, 0x000000008dc00000| Untracked 
| 221|0x000000008dd00000, 0x000000008dd00000, 0x000000008de00000|  0%| F|  |TAMS 0x000000008dd00000, 0x000000008dd00000| Untracked 
| 222|0x000000008de00000, 0x000000008de00000, 0x000000008df00000|  0%| F|  |TAMS 0x000000008de00000, 0x000000008de00000| Untracked 
| 223|0x000000008df00000, 0x000000008df00000, 0x000000008e000000|  0%| F|  |TAMS 0x000000008df00000, 0x000000008df00000| Untracked 
| 224|0x000000008e000000, 0x000000008e000000, 0x000000008e100000|  0%| F|  |TAMS 0x000000008e000000, 0x000000008e000000| Untracked 
| 225|0x000000008e100000, 0x000000008e100000, 0x000000008e200000|  0%| F|  |TAMS 0x000000008e100000, 0x000000008e100000| Untracked 
| 226|0x000000008e200000, 0x000000008e200000, 0x000000008e300000|  0%| F|  |TAMS 0x000000008e200000, 0x000000008e200000| Untracked 
| 227|0x000000008e300000, 0x000000008e300000, 0x000000008e400000|  0%| F|  |TAMS 0x000000008e300000, 0x000000008e300000| Untracked 
| 228|0x000000008e400000, 0x000000008e400000, 0x000000008e500000|  0%| F|  |TAMS 0x000000008e400000, 0x000000008e400000| Untracked 
| 229|0x000000008e500000, 0x000000008e500000, 0x000000008e600000|  0%| F|  |TAMS 0x000000008e500000, 0x000000008e500000| Untracked 
| 230|0x000000008e600000, 0x000000008e600000, 0x000000008e700000|  0%| F|  |TAMS 0x000000008e600000, 0x000000008e600000| Untracked 
| 231|0x000000008e700000, 0x000000008e700000, 0x000000008e800000|  0%| F|  |TAMS 0x000000008e700000, 0x000000008e700000| Untracked 
| 232|0x000000008e800000, 0x000000008e800000, 0x000000008e900000|  0%| F|  |TAMS 0x000000008e800000, 0x000000008e800000| Untracked 
| 233|0x000000008e900000, 0x000000008e900000, 0x000000008ea00000|  0%| F|  |TAMS 0x000000008e900000, 0x000000008e900000| Untracked 
| 234|0x000000008ea00000, 0x000000008ea00000, 0x000000008eb00000|  0%| F|  |TAMS 0x000000008ea00000, 0x000000008ea00000| Untracked 
| 235|0x000000008eb00000, 0x000000008eb00000, 0x000000008ec00000|  0%| F|  |TAMS 0x000000008eb00000, 0x000000008eb00000| Untracked 
| 236|0x000000008ec00000, 0x000000008ec00000, 0x000000008ed00000|  0%| F|  |TAMS 0x000000008ec00000, 0x000000008ec00000| Untracked 
| 237|0x000000008ed00000, 0x000000008ed00000, 0x000000008ee00000|  0%| F|  |TAMS 0x000000008ed00000, 0x000000008ed00000| Untracked 
| 238|0x000000008ee00000, 0x000000008ef00000, 0x000000008ef00000|100%| E|CS|TAMS 0x000000008ee00000, 0x000000008ee00000| Complete 
| 239|0x000000008ef00000, 0x000000008f000000, 0x000000008f000000|100%| E|CS|TAMS 0x000000008ef00000, 0x000000008ef00000| Complete 
| 240|0x000000008f000000, 0x000000008f100000, 0x000000008f100000|100%| E|CS|TAMS 0x000000008f000000, 0x000000008f000000| Complete 
| 241|0x000000008f100000, 0x000000008f200000, 0x000000008f200000|100%| E|CS|TAMS 0x000000008f100000, 0x000000008f100000| Complete 
| 242|0x000000008f200000, 0x000000008f300000, 0x000000008f300000|100%| E|CS|TAMS 0x000000008f200000, 0x000000008f200000| Complete 
| 243|0x000000008f300000, 0x000000008f300000, 0x000000008f400000|  0%| F|  |TAMS 0x000000008f300000, 0x000000008f300000| Untracked 
| 244|0x000000008f400000, 0x000000008f400000, 0x000000008f500000|  0%| F|  |TAMS 0x000000008f400000, 0x000000008f400000| Untracked 
| 245|0x000000008f500000, 0x000000008f500000, 0x000000008f600000|  0%| F|  |TAMS 0x000000008f500000, 0x000000008f500000| Untracked 
| 246|0x000000008f600000, 0x000000008f6ed510, 0x000000008f700000| 92%| S|  |TAMS 0x000000008f600000, 0x000000008f600000| Complete 
| 247|0x000000008f700000, 0x000000008f800000, 0x000000008f800000|100%| S|  |TAMS 0x000000008f700000, 0x000000008f700000| Complete 
| 248|0x000000008f800000, 0x000000008f900000, 0x000000008f900000|100%| E|CS|TAMS 0x000000008f800000, 0x000000008f800000| Complete 
| 249|0x000000008f900000, 0x000000008fa00000, 0x000000008fa00000|100%| E|CS|TAMS 0x000000008f900000, 0x000000008f900000| Complete 
| 250|0x000000008fa00000, 0x000000008fb00000, 0x000000008fb00000|100%| E|CS|TAMS 0x000000008fa00000, 0x000000008fa00000| Complete 
| 251|0x000000008fb00000, 0x000000008fc00000, 0x000000008fc00000|100%| E|CS|TAMS 0x000000008fb00000, 0x000000008fb00000| Complete 
| 252|0x000000008fc00000, 0x000000008fd00000, 0x000000008fd00000|100%| E|CS|TAMS 0x000000008fc00000, 0x000000008fc00000| Complete 
| 253|0x000000008fd00000, 0x000000008fe00000, 0x000000008fe00000|100%| E|CS|TAMS 0x000000008fd00000, 0x000000008fd00000| Complete 
| 254|0x000000008fe00000, 0x000000008ff00000, 0x000000008ff00000|100%| E|CS|TAMS 0x000000008fe00000, 0x000000008fe00000| Complete 
| 255|0x000000008ff00000, 0x0000000090000000, 0x0000000090000000|100%| E|CS|TAMS 0x000000008ff00000, 0x000000008ff00000| Complete 
| 256|0x0000000090000000, 0x0000000090100000, 0x0000000090100000|100%| E|CS|TAMS 0x0000000090000000, 0x0000000090000000| Complete 
| 257|0x0000000090100000, 0x0000000090200000, 0x0000000090200000|100%| E|CS|TAMS 0x0000000090100000, 0x0000000090100000| Complete 
| 258|0x0000000090200000, 0x0000000090300000, 0x0000000090300000|100%| E|CS|TAMS 0x0000000090200000, 0x0000000090200000| Complete 
| 259|0x0000000090300000, 0x0000000090400000, 0x0000000090400000|100%| E|CS|TAMS 0x0000000090300000, 0x0000000090300000| Complete 
| 260|0x0000000090400000, 0x0000000090500000, 0x0000000090500000|100%| E|CS|TAMS 0x0000000090400000, 0x0000000090400000| Complete 
| 261|0x0000000090500000, 0x0000000090600000, 0x0000000090600000|100%| E|CS|TAMS 0x0000000090500000, 0x0000000090500000| Complete 
| 262|0x0000000090600000, 0x0000000090700000, 0x0000000090700000|100%| E|CS|TAMS 0x0000000090600000, 0x0000000090600000| Complete 
| 263|0x0000000090700000, 0x0000000090800000, 0x0000000090800000|100%| E|CS|TAMS 0x0000000090700000, 0x0000000090700000| Complete 
| 264|0x0000000090800000, 0x0000000090900000, 0x0000000090900000|100%| E|CS|TAMS 0x0000000090800000, 0x0000000090800000| Complete 
| 265|0x0000000090900000, 0x0000000090a00000, 0x0000000090a00000|100%| E|CS|TAMS 0x0000000090900000, 0x0000000090900000| Complete 
| 266|0x0000000090a00000, 0x0000000090b00000, 0x0000000090b00000|100%| E|CS|TAMS 0x0000000090a00000, 0x0000000090a00000| Complete 
| 267|0x0000000090b00000, 0x0000000090c00000, 0x0000000090c00000|100%| E|CS|TAMS 0x0000000090b00000, 0x0000000090b00000| Complete 
| 268|0x0000000090c00000, 0x0000000090d00000, 0x0000000090d00000|100%| E|CS|TAMS 0x0000000090c00000, 0x0000000090c00000| Complete 
| 269|0x0000000090d00000, 0x0000000090e00000, 0x0000000090e00000|100%| E|CS|TAMS 0x0000000090d00000, 0x0000000090d00000| Complete 
| 270|0x0000000090e00000, 0x0000000090f00000, 0x0000000090f00000|100%| E|CS|TAMS 0x0000000090e00000, 0x0000000090e00000| Complete 
| 271|0x0000000090f00000, 0x0000000091000000, 0x0000000091000000|100%| E|CS|TAMS 0x0000000090f00000, 0x0000000090f00000| Complete 
| 272|0x0000000091000000, 0x0000000091100000, 0x0000000091100000|100%| E|CS|TAMS 0x0000000091000000, 0x0000000091000000| Complete 
| 273|0x0000000091100000, 0x0000000091200000, 0x0000000091200000|100%| E|CS|TAMS 0x0000000091100000, 0x0000000091100000| Complete 
| 274|0x0000000091200000, 0x0000000091300000, 0x0000000091300000|100%| E|CS|TAMS 0x0000000091200000, 0x0000000091200000| Complete 
| 275|0x0000000091300000, 0x0000000091400000, 0x0000000091400000|100%| E|CS|TAMS 0x0000000091300000, 0x0000000091300000| Complete 
| 276|0x0000000091400000, 0x0000000091500000, 0x0000000091500000|100%| E|CS|TAMS 0x0000000091400000, 0x0000000091400000| Complete 
| 277|0x0000000091500000, 0x0000000091600000, 0x0000000091600000|100%| E|CS|TAMS 0x0000000091500000, 0x0000000091500000| Complete 
| 278|0x0000000091600000, 0x0000000091700000, 0x0000000091700000|100%| E|CS|TAMS 0x0000000091600000, 0x0000000091600000| Complete 

Card table byte_map: [0x0000019eec310000,0x0000019eec710000] _byte_map_base: 0x0000019eebf10000

Marking Bits (Prev, Next): (CMBitMap*) 0x0000019ed55a6320, (CMBitMap*) 0x0000019ed55a62e8
 Prev Bits: [0x0000019eeeb10000, 0x0000019ef0b10000)
 Next Bits: [0x0000019eecb10000, 0x0000019eeeb10000)

Polling page: 0x0000019ed3550000

Metaspace:

Usage:
  Non-class:     99.88 MB capacity,    96.24 MB ( 96%) used,     3.27 MB (  3%) free+waste,   376.94 KB ( <1%) overhead. 
      Class:     17.02 MB capacity,    14.97 MB ( 88%) used,     1.87 MB ( 11%) free+waste,   184.00 KB (  1%) overhead. 
       Both:    116.90 MB capacity,   111.21 MB ( 95%) used,     5.15 MB (  4%) free+waste,   560.94 KB ( <1%) overhead. 

Virtual space:
  Non-class space:      100.00 MB reserved,     100.00 MB (100%) committed 
      Class space:      504.00 MB reserved,      17.13 MB (  3%) committed 
             Both:      604.00 MB reserved,     117.13 MB ( 19%) committed 

Chunk freelists:
   Non-Class:  7.38 KB
       Class:  1.25 KB
        Both:  8.63 KB

CodeHeap 'non-profiled nmethods': size=120000Kb used=9470Kb max_used=9470Kb free=110529Kb
 bounds [0x0000019ee46b0000, 0x0000019ee5000000, 0x0000019eebbe0000]
CodeHeap 'profiled nmethods': size=120000Kb used=31226Kb max_used=31226Kb free=88773Kb
 bounds [0x0000019edd180000, 0x0000019edf010000, 0x0000019ee46b0000]
CodeHeap 'non-nmethods': size=5760Kb used=2325Kb max_used=2364Kb free=3434Kb
 bounds [0x0000019edcbe0000, 0x0000019edce50000, 0x0000019edd180000]
 total_blobs=14649 nmethods=13703 adapters=857
 compilation: enabled
              stopped_count=0, restarted_count=0
 full_count=0

Compilation events (10 events):
Event: 143.546 Thread 0x0000019ef358c800 14702       3       com.android.build.gradle.internal.scope.VariantScopeImpl::getNeedsJavaResStreams (40 bytes)
Event: 143.547 Thread 0x0000019ef358c800 nmethod 14702 0x0000019edf009510 code [0x0000019edf0096e0, 0x0000019edf009b58]
Event: 143.550 Thread 0x0000019ef3589000 nmethod 14696 0x0000019ee4ff0590 code [0x0000019ee4ff07a0, 0x0000019ee4ff1010]
Event: 143.550 Thread 0x0000019ef3589000 14695       4       org.gradle.api.internal.DefaultDomainObjectSet_Decorated::getMutationGuard (39 bytes)
Event: 143.551 Thread 0x0000019ef3589000 nmethod 14695 0x0000019ee4ff1610 code [0x0000019ee4ff17a0, 0x0000019ee4ff1838]
Event: 143.552 Thread 0x0000019ef3589000 14703       4       org.gradle.api.internal.project.DefaultProject::identityPath (9 bytes)
Event: 143.554 Thread 0x0000019ef358c800 14704       3       com.android.build.gradle.internal.dsl.LibraryExtensionImpl$AgpDecorated_Decorated::getCompileOptions (39 bytes)
Event: 143.555 Thread 0x0000019ef358c800 nmethod 14704 0x0000019edf009d10 code [0x0000019edf009f20, 0x0000019edf00a6a8]
Event: 143.557 Thread 0x0000019ef358c800 14705       1       com.android.build.gradle.internal.dsl.TestOptions::getUnitTests (5 bytes)
Event: 143.557 Thread 0x0000019ef358c800 nmethod 14705 0x0000019ee4ff1910 code [0x0000019ee4ff1aa0, 0x0000019ee4ff1b58]

GC Heap History (10 events):
Event: 140.187 GC heap after
{Heap after GC invocations=116 (full 0):
 garbage-first heap   total 237568K, used 183543K [0x0000000080000000, 0x0000000100000000)
  region size 1024K, 3 young (3072K), 3 survivors (3072K)
 Metaspace       used 109950K, capacity 115396K, committed 115584K, reserved 616448K
  class space    used 14806K, capacity 16759K, committed 16768K, reserved 516096K
}
Event: 140.369 GC heap before
{Heap before GC invocations=116 (full 0):
 garbage-first heap   total 237568K, used 201975K [0x0000000080000000, 0x0000000100000000)
  region size 1024K, 21 young (21504K), 3 survivors (3072K)
 Metaspace       used 109954K, capacity 115396K, committed 115584K, reserved 616448K
  class space    used 14806K, capacity 16759K, committed 16768K, reserved 516096K
}
Event: 140.376 GC heap after
{Heap after GC invocations=117 (full 0):
 garbage-first heap   total 285696K, used 186473K [0x0000000080000000, 0x0000000100000000)
  region size 1024K, 3 young (3072K), 3 survivors (3072K)
 Metaspace       used 109954K, capacity 115396K, committed 115584K, reserved 616448K
  class space    used 14806K, capacity 16759K, committed 16768K, reserved 516096K
}
Event: 141.124 GC heap before
{Heap before GC invocations=117 (full 0):
 garbage-first heap   total 285696K, used 227433K [0x0000000080000000, 0x0000000100000000)
  region size 1024K, 39 young (39936K), 3 survivors (3072K)
 Metaspace       used 110103K, capacity 115619K, committed 115968K, reserved 616448K
  class space    used 14826K, capacity 16781K, committed 16896K, reserved 516096K
}
Event: 141.132 GC heap after
{Heap after GC invocations=118 (full 0):
 garbage-first heap   total 285696K, used 196064K [0x0000000080000000, 0x0000000100000000)
  region size 1024K, 5 young (5120K), 5 survivors (5120K)
 Metaspace       used 110103K, capacity 115619K, committed 115968K, reserved 616448K
  class space    used 14826K, capacity 16781K, committed 16896K, reserved 516096K
}
Event: 141.836 GC heap before
{Heap before GC invocations=118 (full 0):
 garbage-first heap   total 285696K, used 230880K [0x0000000080000000, 0x0000000100000000)
  region size 1024K, 39 young (39936K), 5 survivors (5120K)
 Metaspace       used 111795K, capacity 117439K, committed 117760K, reserved 618496K
  class space    used 15059K, capacity 17083K, committed 17152K, reserved 516096K
}
Event: 141.843 GC heap after
{Heap after GC invocations=119 (full 0):
 garbage-first heap   total 285696K, used 198817K [0x0000000080000000, 0x0000000100000000)
  region size 1024K, 3 young (3072K), 3 survivors (3072K)
 Metaspace       used 111795K, capacity 117439K, committed 117760K, reserved 618496K
  class space    used 15059K, capacity 17083K, committed 17152K, reserved 516096K
}
Event: 142.930 GC heap before
{Heap before GC invocations=119 (full 0):
 garbage-first heap   total 285696K, used 233633K [0x0000000080000000, 0x0000000100000000)
  region size 1024K, 37 young (37888K), 3 survivors (3072K)
 Metaspace       used 112376K, capacity 118176K, committed 118400K, reserved 618496K
  class space    used 15131K, capacity 17193K, committed 17280K, reserved 516096K
}
Event: 142.936 GC heap after
{Heap after GC invocations=120 (full 0):
 garbage-first heap   total 285696K, used 206030K [0x0000000080000000, 0x0000000100000000)
  region size 1024K, 5 young (5120K), 5 survivors (5120K)
 Metaspace       used 112376K, capacity 118176K, committed 118400K, reserved 618496K
  class space    used 15131K, capacity 17193K, committed 17280K, reserved 516096K
}
Event: 143.559 GC heap before
{Heap before GC invocations=120 (full 0):
 garbage-first heap   total 285696K, used 237774K [0x0000000080000000, 0x0000000100000000)
  region size 1024K, 36 young (36864K), 5 survivors (5120K)
 Metaspace       used 113876K, capacity 119707K, committed 119936K, reserved 618496K
  class space    used 15327K, capacity 17430K, committed 17536K, reserved 516096K
}

Deoptimization events (10 events):
Event: 138.643 Thread 0x0000019ef633d000 Uncommon trap: reason=profile_predicate action=maybe_recompile pc=0x0000019ee47020d4 method=java.util.regex.Pattern$BnM.optimize(Ljava/util/regex/Pattern$Node;)Ljava/util/regex/Pattern$Node; @ 67 c2
Event: 138.645 Thread 0x0000019ef633d000 Uncommon trap: reason=profile_predicate action=maybe_recompile pc=0x0000019ee47020d4 method=java.util.regex.Pattern$BnM.optimize(Ljava/util/regex/Pattern$Node;)Ljava/util/regex/Pattern$Node; @ 67 c2
Event: 139.086 Thread 0x0000019ef633d000 Uncommon trap: reason=null_check action=make_not_entrant pc=0x0000019ee493bccc method=org.gradle.internal.instantiation.generator.AbstractClassGenerator$DslMixInPropertyType.visitProperty(Lorg/gradle/internal/instantiation/generator/AbstractClassGenerator
Event: 139.131 Thread 0x0000019ef633d000 Uncommon trap: reason=null_check action=make_not_entrant pc=0x0000019ee49560d8 method=org.gradle.internal.instantiation.generator.AbstractClassGenerator.isIneligibleForConventionMapping(Lorg/gradle/internal/instantiation/generator/AbstractClassGenerator$P
Event: 140.295 Thread 0x0000019ef633d000 Uncommon trap: reason=null_check action=make_not_entrant pc=0x0000019ee4f7fad4 method=java.beans.PropertyDescriptor.findPropertyType(Ljava/lang/reflect/Method;Ljava/lang/reflect/Method;)Ljava/lang/Class; @ 113 c2
Event: 141.409 Thread 0x0000019ef633d000 Uncommon trap: reason=unstable_if action=reinterpret pc=0x0000019ee4dccf08 method=com.google.common.collect.MapMakerInternalMap$Segment.postReadCleanup()V @ 10 c2
Event: 142.265 Thread 0x0000019ef633d000 Uncommon trap: reason=class_check action=make_not_entrant pc=0x0000019ee4fc6e70 method=com.google.common.collect.Platform.copy([Ljava/lang/Object;II[Ljava/lang/Object;)[Ljava/lang/Object; @ 7 c2
Event: 142.383 Thread 0x0000019ef633d000 Uncommon trap: reason=class_check action=make_not_entrant pc=0x0000019ee478a604 method=java.util.ArrayList$SubList.toArray([Ljava/lang/Object;)[Ljava/lang/Object; @ 37 c2
Event: 142.525 Thread 0x0000019ef67b1000 Uncommon trap: reason=unstable_if action=reinterpret pc=0x0000019ee4b7cd74 method=java.util.concurrent.ConcurrentLinkedQueue.offer(Ljava/lang/Object;)Z @ 42 c2
Event: 142.528 Thread 0x0000019ef67a9000 Uncommon trap: reason=unstable_if action=reinterpret pc=0x0000019ee4e85eb4 method=java.util.concurrent.ConcurrentLinkedQueue.updateHead(Ljava/util/concurrent/ConcurrentLinkedQueue$Node;Ljava/util/concurrent/ConcurrentLinkedQueue$Node;)V @ 14 c2

Classes redefined (0 events):
No events

Internal exceptions (10 events):
Event: 143.446 Thread 0x0000019ef633d000 Exception <a 'java/lang/ClassNotFoundException'{0x000000008ff84668}: org/jetbrains/kotlin/gradle/targets/js/npm/DefaultDevNpmDependencyExtensionBeanInfo> (0x000000008ff84668) thrown at [./open/src/hotspot/share/classfile/systemDictionary.cpp, line 226]
Event: 143.447 Thread 0x0000019ef633d000 Exception <a 'java/lang/ClassNotFoundException'{0x000000008ffb4008}: org/jetbrains/kotlin/gradle/targets/js/npm/DefaultDevNpmDependencyExtensionCustomizer> (0x000000008ffb4008) thrown at [./open/src/hotspot/share/classfile/systemDictionary.cpp, line 226]
Event: 143.452 Thread 0x0000019ef633d000 Exception <a 'java/lang/ClassNotFoundException'{0x000000008fe25cf8}: org/jetbrains/kotlin/gradle/targets/js/npm/DefaultPeerNpmDependencyExtensionBeanInfo> (0x000000008fe25cf8) thrown at [./open/src/hotspot/share/classfile/systemDictionary.cpp, line 226]
Event: 143.453 Thread 0x0000019ef633d000 Exception <a 'java/lang/ClassNotFoundException'{0x000000008fe559c0}: org/jetbrains/kotlin/gradle/targets/js/npm/DefaultPeerNpmDependencyExtensionCustomizer> (0x000000008fe559c0) thrown at [./open/src/hotspot/share/classfile/systemDictionary.cpp, line 226]
Event: 143.457 Thread 0x0000019ef633d000 Exception <a 'java/lang/ClassNotFoundException'{0x000000008fed6d10}: org/jetbrains/kotlin/gradle/targets/js/npm/DefaultPeerNpmDependencyExtension$delegate$1BeanInfo> (0x000000008fed6d10) thrown at [./open/src/hotspot/share/classfile/systemDictionary.cpp, 
Event: 143.458 Thread 0x0000019ef633d000 Exception <a 'java/lang/ClassNotFoundException'{0x000000008fd09818}: org/jetbrains/kotlin/gradle/targets/js/npm/DefaultPeerNpmDependencyExtension$delegate$1Customizer> (0x000000008fd09818) thrown at [./open/src/hotspot/share/classfile/systemDictionary.cpp
Event: 143.472 Thread 0x0000019ef633d000 Exception <a 'java/lang/ClassNotFoundException'{0x000000008fdccd38}: build_9bsz96bevo188yuehclszfu98$_run_closure1BeanInfo> (0x000000008fdccd38) thrown at [./open/src/hotspot/share/classfile/systemDictionary.cpp, line 226]
Event: 143.473 Thread 0x0000019ef633d000 Exception <a 'java/lang/ClassNotFoundException'{0x000000008fde2230}: build_9bsz96bevo188yuehclszfu98$_run_closure1Customizer> (0x000000008fde2230) thrown at [./open/src/hotspot/share/classfile/systemDictionary.cpp, line 226]
Event: 143.499 Thread 0x0000019ef633d000 Exception <a 'java/lang/ClassNotFoundException'{0x000000008fceb928}: org/jetbrains/kotlin/gradle/plugin/sources/DefaultKotlinSourceSetBeanInfo> (0x000000008fceb928) thrown at [./open/src/hotspot/share/classfile/systemDictionary.cpp, line 226]
Event: 143.500 Thread 0x0000019ef633d000 Exception <a 'java/lang/ClassNotFoundException'{0x000000008fb1c610}: org/jetbrains/kotlin/gradle/plugin/sources/DefaultKotlinSourceSetCustomizer> (0x000000008fb1c610) thrown at [./open/src/hotspot/share/classfile/systemDictionary.cpp, line 226]

Events (10 events):
Event: 143.499 loading class org/jetbrains/kotlin/gradle/plugin/sources/DefaultKotlinSourceSetBeanInfo done
Event: 143.500 loading class org/jetbrains/kotlin/gradle/plugin/sources/DefaultKotlinSourceSetCustomizer
Event: 143.500 loading class org/jetbrains/kotlin/gradle/plugin/sources/DefaultKotlinSourceSetCustomizer done
Event: 143.507 loading class groovy/runtime/metaclass/build_9bsz96bevo188yuehclszfu98$_run_closure2MetaClass
Event: 143.507 loading class groovy/runtime/metaclass/build_9bsz96bevo188yuehclszfu98$_run_closure2MetaClass done
Event: 143.508 loading class groovy/runtime/metaclass/build_9bsz96bevo188yuehclszfu98$_run_closure2$_closure11MetaClass
Event: 143.508 loading class groovy/runtime/metaclass/build_9bsz96bevo188yuehclszfu98$_run_closure2$_closure11MetaClass done
Event: 143.512 loading class groovy/runtime/metaclass/build_9bsz96bevo188yuehclszfu98$_run_closure3MetaClass
Event: 143.512 loading class groovy/runtime/metaclass/build_9bsz96bevo188yuehclszfu98$_run_closure3MetaClass done
Event: 143.559 Executing VM operation: G1CollectForAllocation


Dynamic libraries:
0x00007ff71baa0000 - 0x00007ff71baaf000 	C:\Program Files\Java\jdk-11.0.14\bin\java.exe
0x00007ffe9d710000 - 0x00007ffe9d924000 	C:\WINDOWS\SYSTEM32\ntdll.dll
0x00007ffe9c200000 - 0x00007ffe9c2c2000 	C:\WINDOWS\System32\KERNEL32.DLL
0x00007ffe9b160000 - 0x00007ffe9b503000 	C:\WINDOWS\System32\KERNELBASE.dll
0x00007ffe9ad70000 - 0x00007ffe9ae81000 	C:\WINDOWS\System32\ucrtbase.dll
0x00007ffe1ae90000 - 0x00007ffe1aea8000 	C:\Program Files\Java\jdk-11.0.14\bin\jli.dll
0x00007ffe1ab40000 - 0x00007ffe1ab55000 	C:\Program Files\Java\jdk-11.0.14\bin\VCRUNTIME140.dll
0x00007ffe9bb60000 - 0x00007ffe9bc0e000 	C:\WINDOWS\System32\ADVAPI32.dll
0x00007ffe9d330000 - 0x00007ffe9d3d7000 	C:\WINDOWS\System32\msvcrt.dll
0x00007ffe9c110000 - 0x00007ffe9c1b4000 	C:\WINDOWS\System32\sechost.dll
0x00007ffe9be10000 - 0x00007ffe9bf27000 	C:\WINDOWS\System32\RPCRT4.dll
0x00007ffe9c920000 - 0x00007ffe9cacb000 	C:\WINDOWS\System32\USER32.dll
0x00007ffe9aca0000 - 0x00007ffe9acc6000 	C:\WINDOWS\System32\win32u.dll
0x00007ffe9c1d0000 - 0x00007ffe9c1f9000 	C:\WINDOWS\System32\GDI32.dll
0x00007ffe9af00000 - 0x00007ffe9b018000 	C:\WINDOWS\System32\gdi32full.dll
0x00007ffe7f200000 - 0x00007ffe7f48e000 	C:\WINDOWS\WinSxS\amd64_microsoft.windows.common-controls_6595b64144ccf1df_6.0.22621.1635_none_270f70857386168e\COMCTL32.dll
0x00007ffe9acd0000 - 0x00007ffe9ad6a000 	C:\WINDOWS\System32\msvcp_win.dll
0x00007ffe90ec0000 - 0x00007ffe90eca000 	C:\WINDOWS\SYSTEM32\VERSION.dll
0x00007ffe9d590000 - 0x00007ffe9d5c1000 	C:\WINDOWS\System32\IMM32.DLL
0x00007ffe17910000 - 0x00007ffe179ab000 	C:\Program Files\Java\jdk-11.0.14\bin\msvcp140.dll
0x00007ffe16df0000 - 0x00007ffe17906000 	C:\Program Files\Java\jdk-11.0.14\bin\server\jvm.dll
0x00007ffe9bca0000 - 0x00007ffe9bca8000 	C:\WINDOWS\System32\PSAPI.DLL
0x00007ffe7e910000 - 0x00007ffe7e919000 	C:\WINDOWS\SYSTEM32\WSOCK32.dll
0x00007ffe9c750000 - 0x00007ffe9c7c1000 	C:\WINDOWS\System32\WS2_32.dll
0x00007ffe90920000 - 0x00007ffe90954000 	C:\WINDOWS\SYSTEM32\WINMM.dll
0x00007ffe99b80000 - 0x00007ffe99b98000 	C:\WINDOWS\SYSTEM32\kernel.appcore.dll
0x00007ffe90780000 - 0x00007ffe90790000 	C:\Program Files\Java\jdk-11.0.14\bin\verify.dll
0x00007ffe97ca0000 - 0x00007ffe97ece000 	C:\WINDOWS\SYSTEM32\DBGHELP.DLL
0x00007ffe9b7d0000 - 0x00007ffe9bb59000 	C:\WINDOWS\System32\combase.dll
0x00007ffe9bd30000 - 0x00007ffe9be07000 	C:\WINDOWS\System32\OLEAUT32.dll
0x00007ffe82550000 - 0x00007ffe82582000 	C:\WINDOWS\SYSTEM32\dbgcore.DLL
0x00007ffe9b0e0000 - 0x00007ffe9b15b000 	C:\WINDOWS\System32\bcryptPrimitives.dll
0x00007ffe90750000 - 0x00007ffe90778000 	C:\Program Files\Java\jdk-11.0.14\bin\java.dll
0x00007ffe3e8a0000 - 0x00007ffe3e8aa000 	C:\Program Files\Java\jdk-11.0.14\bin\jimage.dll
0x00007ffe1ab90000 - 0x00007ffe1aba6000 	C:\Program Files\Java\jdk-11.0.14\bin\zip.dll
0x00007ffe9cb30000 - 0x00007ffe9d32a000 	C:\WINDOWS\System32\SHELL32.dll
0x00007ffe98b30000 - 0x00007ffe993fe000 	C:\WINDOWS\SYSTEM32\windows.storage.dll
0x00007ffe989f0000 - 0x00007ffe98b2e000 	C:\WINDOWS\SYSTEM32\wintypes.dll
0x00007ffe9d5d0000 - 0x00007ffe9d6c1000 	C:\WINDOWS\System32\SHCORE.dll
0x00007ffe9bfe0000 - 0x00007ffe9c03e000 	C:\WINDOWS\System32\shlwapi.dll
0x00007ffe9aa60000 - 0x00007ffe9aa81000 	C:\WINDOWS\SYSTEM32\profapi.dll
0x00007ffe1ab70000 - 0x00007ffe1ab89000 	C:\Program Files\Java\jdk-11.0.14\bin\net.dll
0x00007ffe8f900000 - 0x00007ffe8fa37000 	C:\WINDOWS\SYSTEM32\WINHTTP.dll
0x00007ffe99ff0000 - 0x00007ffe9a059000 	C:\WINDOWS\system32\mswsock.dll
0x00007ffe16dd0000 - 0x00007ffe16de2000 	C:\Program Files\Java\jdk-11.0.14\bin\nio.dll
0x00007ffe66fa0000 - 0x00007ffe66fc7000 	C:\Users\DELL\.gradle\native\e1d6ef7f7dcc3fd88c89a11ec53ec762bb8ba0a96d01ffa2cd45eb1d1d8dd5c5\windows-amd64\native-platform.dll
0x00007ffe12980000 - 0x00007ffe12ac4000 	C:\Users\DELL\.gradle\native\0d407fdbe67a94daf76414ababcb853783967236a71b16ec16e742cd7a986fd3\windows-amd64\native-platform-file-events.dll
0x00007ffe15f60000 - 0x00007ffe15f69000 	C:\Program Files\Java\jdk-11.0.14\bin\management.dll
0x00007ffe15f50000 - 0x00007ffe15f5b000 	C:\Program Files\Java\jdk-11.0.14\bin\management_ext.dll
0x00007ffe9a250000 - 0x00007ffe9a26b000 	C:\WINDOWS\SYSTEM32\CRYPTSP.dll
0x00007ffe99af0000 - 0x00007ffe99b25000 	C:\WINDOWS\system32\rsaenh.dll
0x00007ffe9a0f0000 - 0x00007ffe9a118000 	C:\WINDOWS\SYSTEM32\USERENV.dll
0x00007ffe9a410000 - 0x00007ffe9a438000 	C:\WINDOWS\SYSTEM32\bcrypt.dll
0x00007ffe9a270000 - 0x00007ffe9a27c000 	C:\WINDOWS\SYSTEM32\CRYPTBASE.dll
0x00007ffe99660000 - 0x00007ffe9968d000 	C:\WINDOWS\SYSTEM32\IPHLPAPI.DLL
0x00007ffe9c1c0000 - 0x00007ffe9c1c9000 	C:\WINDOWS\System32\NSI.dll
0x00007ffe8f880000 - 0x00007ffe8f899000 	C:\WINDOWS\SYSTEM32\dhcpcsvc6.DLL
0x00007ffe8f800000 - 0x00007ffe8f81f000 	C:\WINDOWS\SYSTEM32\dhcpcsvc.DLL
0x00007ffe996d0000 - 0x00007ffe997c3000 	C:\WINDOWS\SYSTEM32\DNSAPI.dll

dbghelp: loaded successfully - version: 4.0.5 - missing functions: none
symbol engine: initialized successfully - sym options: 0x614 - pdb path: .;C:\Program Files\Java\jdk-11.0.14\bin;C:\WINDOWS\SYSTEM32;C:\WINDOWS\WinSxS\amd64_microsoft.windows.common-controls_6595b64144ccf1df_6.0.22621.1635_none_270f70857386168e;C:\Program Files\Java\jdk-11.0.14\bin\server;C:\Users\DELL\.gradle\native\e1d6ef7f7dcc3fd88c89a11ec53ec762bb8ba0a96d01ffa2cd45eb1d1d8dd5c5\windows-amd64;C:\Users\DELL\.gradle\native\0d407fdbe67a94daf76414ababcb853783967236a71b16ec16e742cd7a986fd3\windows-amd64

VM Arguments:
jvm_args: -XX:MaxMetaspaceSize=512m --add-opens=java.base/java.util=ALL-UNNAMED --add-opens=java.base/java.lang=ALL-UNNAMED --add-opens=java.base/java.lang.invoke=ALL-UNNAMED --add-opens=java.base/java.util=ALL-UNNAMED --add-opens=java.prefs/java.util.prefs=ALL-UNNAMED --add-opens=java.prefs/java.util.prefs=ALL-UNNAMED --add-opens=java.base/java.nio.charset=ALL-UNNAMED --add-opens=java.base/java.net=ALL-UNNAMED --add-opens=java.base/java.util.concurrent.atomic=ALL-UNNAMED -Xmx2048m -Dfile.encoding=utf8 -Duser.country=US -Duser.language=en -Duser.variant 
java_command: org.gradle.launcher.daemon.bootstrap.GradleDaemon 7.5.1
java_class_path (initial): C:\Users\DELL\.gradle\wrapper\dists\gradle-7.5.1-all\1ehga6e77gqps5uk2kc5kf1vc\gradle-7.5.1\lib\gradle-launcher-7.5.1.jar
Launcher Type: SUN_STANDARD

[Global flags]
     intx CICompilerCount                          = 4                                         {product} {ergonomic}
   size_t CompressedClassSpaceSize                 = 528482304                                 {product} {ergonomic}
     uint ConcGCThreads                            = 2                                         {product} {ergonomic}
     uint G1ConcRefinementThreads                  = 8                                         {product} {ergonomic}
   size_t G1HeapRegionSize                         = 1048576                                   {product} {ergonomic}
    uintx GCDrainStackTargetSize                   = 64                                        {product} {ergonomic}
   size_t InitialHeapSize                          = 132120576                                 {product} {ergonomic}
   size_t MarkStackSize                            = 4194304                                   {product} {ergonomic}
   size_t MaxHeapSize                              = 2147483648                                {product} {command line}
   size_t MaxMetaspaceSize                         = 536870912                                 {product} {command line}
   size_t MaxNewSize                               = 1287651328                                {product} {ergonomic}
   size_t MinHeapDeltaBytes                        = 1048576                                   {product} {ergonomic}
    uintx NonNMethodCodeHeapSize                   = 5836300                                {pd product} {ergonomic}
    uintx NonProfiledCodeHeapSize                  = 122910970                              {pd product} {ergonomic}
    uintx ProfiledCodeHeapSize                     = 122910970                              {pd product} {ergonomic}
    uintx ReservedCodeCacheSize                    = 251658240                              {pd product} {ergonomic}
     bool SegmentedCodeCache                       = true                                      {product} {ergonomic}
     bool UseCompressedClassPointers               = true                                 {lp64_product} {ergonomic}
     bool UseCompressedOops                        = true                                 {lp64_product} {ergonomic}
     bool UseG1GC                                  = true                                      {product} {ergonomic}
     bool UseLargePagesIndividualAllocation        = false                                  {pd product} {ergonomic}

Logging:
Log output configuration:
 #0: stdout all=warning uptime,level,tags
 #1: stderr all=off uptime,level,tags

Environment Variables:
JAVA_HOME=C:\Program Files\Java\jdk-11.0.14
JRE_HOME="C:\Program Files\Java\jre1.8.0_351"
PATH=C:\Program Files\Go\bin;C:\Program Files (x86)\Common Files\Oracle\Java\javapath;C:\Program Files\Python310\Scripts\;C:\Program Files\Python310\;C:\Program Files\Common Files\Oracle\Java\javapath;C:\WINDOWS\system32;C:\WINDOWS;C:\WINDOWS\System32\Wbem;C:\WINDOWS\System32\WindowsPowerShell\v1.0\;C:\WINDOWS\System32\OpenSSH\;C:\Program Files\nodejs\;C:\Program Files\Git\cmd;C:\ProgramData\chocolatey\bin;C:\Go\bin;C:\Program Files\cURL\bin;D:\Program Files\MongoDB\mongosh-1.8.2-win32-x64\bin;C:\Users\DELL\AppData\Local\Android\Sdk\tools;C:\Users\DELL\AppData\Local\Microsoft\WindowsApps;C:\Users\DELL\AppData\Local\Programs\Microsoft VS Code\bin;C:\Users\DELL\AppData\Roaming\npm;C:\Users\DELL\AppData\Local\Android\Sdk\platform-tools;C:\Users\DELL\go\bin;
USERNAME=DELL
OS=Windows_NT
PROCESSOR_IDENTIFIER=Intel64 Family 6 Model 142 Stepping 10, GenuineIntel



---------------  S Y S T E M  ---------------

OS: Windows 11 , 64 bit Build 22621 (10.0.22621.1635)

CPU:total 8 (initial active 8) (4 cores per cpu, 2 threads per core) family 6 model 142 stepping 10 microcode 0xe0, cmov, cx8, fxsr, mmx, sse, sse2, sse3, ssse3, sse4.1, sse4.2, popcnt, avx, avx2, aes, clmul, erms, rtm, 3dnowpref, lzcnt, ht, tsc, tscinvbit, bmi1, bmi2, adx, fma

Memory: 4k page, system-wide physical 8051M (402M free)
TotalPageFile size 12915M (AvailPageFile size 4213M)
current process WorkingSet (physical memory assigned to process): 571M, peak: 571M
current process commit charge ("private bytes"): 639M, peak: 644M

vm_info: Java HotSpot(TM) 64-Bit Server VM (11.0.14+8-LTS-263) for windows-amd64 JRE (11.0.14+8-LTS-263), built on Dec  7 2021 21:53:57 by "mach5one" with MS VC++ 15.9 (VS2017)

END.
